This file contains any messages produced by compilers while
running configure, to aid debugging if configure makes a mistake.

It was created by ShaderExamples configure 0.1, which was
generated by GNU Autoconf 2.69.  Invocation command line was

  $ ./configure 

## --------- ##
## Platform. ##
## --------- ##

hostname = ln-mowifi-05-10.1.53.174.net.bton.ac.uk
uname -m = x86_64
uname -r = 14.1.0
uname -s = Darwin
uname -v = Darwin Kernel Version 14.1.0: Mon Dec 22 23:10:38 PST 2014; root:xnu-2782.10.72~2/RELEASE_X86_64

/usr/bin/uname -p = i386
/bin/uname -X     = unknown

/bin/arch              = unknown
/usr/bin/arch -k       = unknown
/usr/convex/getsysinfo = unknown
/usr/bin/hostinfo      = Mach kernel version:
	 Darwin Kernel Version 14.1.0: Mon Dec 22 23:10:38 PST 2014; root:xnu-2782.10.72~2/RELEASE_X86_64
Kernel configured for up to 8 processors.
4 processors are physically available.
8 processors are logically available.
Processor type: i486 (Intel 80486)
Processors active: 0 1 2 3 4 5 6 7
Primary memory available: 8.00 gigabytes
Default processor set: 301 tasks, 1526 threads, 8 processors
Load average: 3.23, Mach factor: 4.76
/bin/machine           = unknown
/usr/bin/oslevel       = unknown
/bin/universe          = unknown

PATH: /opt/local/bin
PATH: /opt/local/sbin
PATH: /usr/local/bin
PATH: /usr/bin
PATH: /bin
PATH: /usr/sbin
PATH: /sbin
PATH: /opt/X11/bin
PATH: /usr/local/git/bin
PATH: /usr/local/MacGPG2/bin
PATH: /usr/texbin


## ----------- ##
## Core tests. ##
## ----------- ##

configure:2422: checking for a BSD-compatible install
configure:2490: result: /usr/bin/install -c
configure:2501: checking whether build environment is sane
configure:2556: result: yes
configure:2707: checking for a thread-safe mkdir -p
configure:2746: result: ./install-sh -c -d
configure:2753: checking for gawk
configure:2783: result: no
configure:2753: checking for mawk
configure:2783: result: no
configure:2753: checking for nawk
configure:2783: result: no
configure:2753: checking for awk
configure:2769: found /usr/bin/awk
configure:2780: result: awk
configure:2791: checking whether make sets $(MAKE)
configure:2813: result: yes
configure:2842: checking whether make supports nested variables
configure:2859: result: yes
configure:3017: checking build system type
configure:3031: result: x86_64-apple-darwin14.1.0
configure:3051: checking host system type
configure:3064: result: x86_64-apple-darwin14.1.0
configure:3105: checking how to print strings
configure:3132: result: printf
configure:3165: checking for style of include used by make
configure:3193: result: GNU
configure:3264: checking for gcc
configure:3280: found /usr/bin/gcc
configure:3291: result: gcc
configure:3520: checking for C compiler version
configure:3529: gcc --version >&5
Apple LLVM version 6.0 (clang-600.0.56) (based on LLVM 3.5svn)
Target: x86_64-apple-darwin14.1.0
Thread model: posix
Configured with: --prefix=/Applications/Xcode.app/Contents/Developer/usr --with-gxx-include-dir=/usr/include/c++/4.2.1
configure:3540: $? = 0
configure:3529: gcc -v >&5
Configured with: --prefix=/Applications/Xcode.app/Contents/Developer/usr --with-gxx-include-dir=/usr/include/c++/4.2.1
Apple LLVM version 6.0 (clang-600.0.56) (based on LLVM 3.5svn)
Target: x86_64-apple-darwin14.1.0
Thread model: posix
configure:3540: $? = 0
configure:3529: gcc -V >&5
clang: error: argument to '-V' is missing (expected 1 value)
clang: error: no input files
configure:3540: $? = 1
configure:3529: gcc -qversion >&5
clang: error: unknown argument: '-qversion'
clang: error: no input files
configure:3540: $? = 1
configure:3560: checking whether the C compiler works
configure:3582: gcc    conftest.c  >&5
configure:3586: $? = 0
configure:3634: result: yes
configure:3637: checking for C compiler default output file name
configure:3639: result: a.out
configure:3645: checking for suffix of executables
configure:3652: gcc -o conftest    conftest.c  >&5
configure:3656: $? = 0
configure:3678: result: 
configure:3700: checking whether we are cross compiling
configure:3708: gcc -o conftest    conftest.c  >&5
configure:3712: $? = 0
configure:3719: ./conftest
configure:3723: $? = 0
configure:3738: result: no
configure:3743: checking for suffix of object files
configure:3765: gcc -c   conftest.c >&5
configure:3769: $? = 0
configure:3790: result: o
configure:3794: checking whether we are using the GNU C compiler
configure:3813: gcc -c   conftest.c >&5
configure:3813: $? = 0
configure:3822: result: yes
configure:3831: checking whether gcc accepts -g
configure:3851: gcc -c -g  conftest.c >&5
configure:3851: $? = 0
configure:3892: result: yes
configure:3909: checking for gcc option to accept ISO C89
configure:3972: gcc  -c -g -O2  conftest.c >&5
configure:3972: $? = 0
configure:3985: result: none needed
configure:4010: checking whether gcc understands -c and -o together
configure:4032: gcc -c conftest.c -o conftest2.o
configure:4035: $? = 0
configure:4032: gcc -c conftest.c -o conftest2.o
configure:4035: $? = 0
configure:4047: result: yes
configure:4066: checking dependency style of gcc
configure:4177: result: gcc3
configure:4192: checking for a sed that does not truncate output
configure:4256: result: /usr/bin/sed
configure:4274: checking for grep that handles long lines and -e
configure:4332: result: /usr/bin/grep
configure:4337: checking for egrep
configure:4399: result: /usr/bin/grep -E
configure:4404: checking for fgrep
configure:4466: result: /usr/bin/grep -F
configure:4501: checking for ld used by gcc
configure:4568: result: /Applications/Xcode.app/Contents/Developer/Toolchains/XcodeDefault.xctoolchain/usr/bin/ld
configure:4575: checking if the linker (/Applications/Xcode.app/Contents/Developer/Toolchains/XcodeDefault.xctoolchain/usr/bin/ld) is GNU ld
configure:4590: result: no
configure:4602: checking for BSD- or MS-compatible name lister (nm)
configure:4651: result: /usr/bin/nm
configure:4781: checking the name lister (/usr/bin/nm) interface
configure:4788: gcc -c -g -O2  conftest.c >&5
configure:4791: /usr/bin/nm "conftest.o"
configure:4794: output
000000000000021c S _some_variable
configure:4801: result: BSD nm
configure:4804: checking whether ln -s works
configure:4808: result: yes
configure:4816: checking the maximum length of command line arguments
configure:4946: result: 196608
configure:4963: checking whether the shell understands some XSI constructs
configure:4973: result: yes
configure:4977: checking whether the shell understands "+="
configure:4983: result: yes
configure:5018: checking how to convert x86_64-apple-darwin14.1.0 file names to x86_64-apple-darwin14.1.0 format
configure:5058: result: func_convert_file_noop
configure:5065: checking how to convert x86_64-apple-darwin14.1.0 file names to toolchain format
configure:5085: result: func_convert_file_noop
configure:5092: checking for /Applications/Xcode.app/Contents/Developer/Toolchains/XcodeDefault.xctoolchain/usr/bin/ld option to reload object files
configure:5099: result: -r
configure:5173: checking for objdump
configure:5203: result: no
configure:5232: checking how to recognize dependent libraries
configure:5434: result: pass_all
configure:5519: checking for dlltool
configure:5549: result: no
configure:5579: checking how to associate runtime and link libraries
configure:5606: result: printf %s\n
configure:5667: checking for ar
configure:5683: found /usr/bin/ar
configure:5694: result: ar
configure:5731: checking for archiver @FILE support
configure:5748: gcc -c -g -O2  conftest.c >&5
configure:5748: $? = 0
configure:5751: ar cru libconftest.a @conftest.lst >&5
ar: @conftest.lst: No such file or directory
configure:5754: $? = 1
configure:5774: result: no
configure:5832: checking for strip
configure:5848: found /usr/bin/strip
configure:5859: result: strip
configure:5931: checking for ranlib
configure:5947: found /usr/bin/ranlib
configure:5958: result: ranlib
configure:6060: checking command to parse /usr/bin/nm output from gcc object
configure:6180: gcc -c -g -O2  conftest.c >&5
configure:6183: $? = 0
configure:6187: /usr/bin/nm conftest.o \| sed -n -e 's/^.*[ ]\([BCDEGRST][BCDEGRST]*\)[ ][ ]*\([_A-Za-z][_A-Za-z0-9]*\)$/\1 \2 \2/p' | sed '/ __gnu_lto/d' \> conftest.nm
configure:6190: $? = 0
cannot find nm_test_var in conftest.nm
configure:6180: gcc -c -g -O2  conftest.c >&5
configure:6183: $? = 0
configure:6187: /usr/bin/nm conftest.o \| sed -n -e 's/^.*[ ]\([BCDEGRST][BCDEGRST]*\)[ ][ ]*_\([_A-Za-z][_A-Za-z0-9]*\)$/\1 _\2 \2/p' | sed '/ __gnu_lto/d' \> conftest.nm
configure:6190: $? = 0
configure:6256: gcc -o conftest -g -O2   conftest.c conftstm.o >&5
configure:6259: $? = 0
configure:6297: result: ok
configure:6334: checking for sysroot
configure:6364: result: no
configure:6620: checking for mt
configure:6650: result: no
configure:6670: checking if : is a manifest tool
configure:6676: : '-?'
configure:6684: result: no
configure:6740: checking for dsymutil
configure:6756: found /usr/bin/dsymutil
configure:6767: result: dsymutil
configure:6832: checking for nmedit
configure:6848: found /usr/bin/nmedit
configure:6859: result: nmedit
configure:6924: checking for lipo
configure:6940: found /usr/bin/lipo
configure:6951: result: lipo
configure:7016: checking for otool
configure:7032: found /usr/bin/otool
configure:7043: result: otool
configure:7108: checking for otool64
configure:7138: result: no
configure:7183: checking for -single_module linker flag
gcc -g -O2  -o libconftest.dylib -dynamiclib -Wl,-single_module conftest.c
configure:7216: result: yes
configure:7219: checking for -exported_symbols_list linker flag
configure:7239: gcc -o conftest -g -O2   -Wl,-exported_symbols_list,conftest.sym conftest.c  >&5
configure:7239: $? = 0
configure:7249: result: yes
configure:7252: checking for -force_load linker flag
gcc -g -O2 -c -o conftest.o conftest.c
ar cru libconftest.a conftest.o
ranlib libconftest.a
gcc -g -O2  -o conftest conftest.c -Wl,-force_load,./libconftest.a
configure:7284: result: yes
configure:7326: checking how to run the C preprocessor
configure:7357: gcc -E  conftest.c
configure:7357: $? = 0
configure:7371: gcc -E  conftest.c
conftest.c:11:10: fatal error: 'ac_nonexistent.h' file not found
#include <ac_nonexistent.h>
         ^
1 error generated.
configure:7371: $? = 1
configure: failed program was:
| /* confdefs.h */
| #define PACKAGE_NAME "ShaderExamples"
| #define PACKAGE_TARNAME "shaderexamples"
| #define PACKAGE_VERSION "0.1"
| #define PACKAGE_STRING "ShaderExamples 0.1"
| #define PACKAGE_BUGREPORT ""
| #define PACKAGE_URL ""
| #define PACKAGE "shaderexamples"
| #define VERSION "0.1"
| /* end confdefs.h.  */
| #include <ac_nonexistent.h>
configure:7396: result: gcc -E
configure:7416: gcc -E  conftest.c
configure:7416: $? = 0
configure:7430: gcc -E  conftest.c
conftest.c:11:10: fatal error: 'ac_nonexistent.h' file not found
#include <ac_nonexistent.h>
         ^
1 error generated.
configure:7430: $? = 1
configure: failed program was:
| /* confdefs.h */
| #define PACKAGE_NAME "ShaderExamples"
| #define PACKAGE_TARNAME "shaderexamples"
| #define PACKAGE_VERSION "0.1"
| #define PACKAGE_STRING "ShaderExamples 0.1"
| #define PACKAGE_BUGREPORT ""
| #define PACKAGE_URL ""
| #define PACKAGE "shaderexamples"
| #define VERSION "0.1"
| /* end confdefs.h.  */
| #include <ac_nonexistent.h>
configure:7459: checking for ANSI C header files
configure:7479: gcc -c -g -O2  conftest.c >&5
configure:7479: $? = 0
configure:7552: gcc -o conftest -g -O2   conftest.c  >&5
configure:7552: $? = 0
configure:7552: ./conftest
configure:7552: $? = 0
configure:7563: result: yes
configure:7576: checking for sys/types.h
configure:7576: gcc -c -g -O2  conftest.c >&5
configure:7576: $? = 0
configure:7576: result: yes
configure:7576: checking for sys/stat.h
configure:7576: gcc -c -g -O2  conftest.c >&5
configure:7576: $? = 0
configure:7576: result: yes
configure:7576: checking for stdlib.h
configure:7576: gcc -c -g -O2  conftest.c >&5
configure:7576: $? = 0
configure:7576: result: yes
configure:7576: checking for string.h
configure:7576: gcc -c -g -O2  conftest.c >&5
configure:7576: $? = 0
configure:7576: result: yes
configure:7576: checking for memory.h
configure:7576: gcc -c -g -O2  conftest.c >&5
configure:7576: $? = 0
configure:7576: result: yes
configure:7576: checking for strings.h
configure:7576: gcc -c -g -O2  conftest.c >&5
configure:7576: $? = 0
configure:7576: result: yes
configure:7576: checking for inttypes.h
configure:7576: gcc -c -g -O2  conftest.c >&5
configure:7576: $? = 0
configure:7576: result: yes
configure:7576: checking for stdint.h
configure:7576: gcc -c -g -O2  conftest.c >&5
configure:7576: $? = 0
configure:7576: result: yes
configure:7576: checking for unistd.h
configure:7576: gcc -c -g -O2  conftest.c >&5
configure:7576: $? = 0
configure:7576: result: yes
configure:7590: checking for dlfcn.h
configure:7590: gcc -c -g -O2  conftest.c >&5
configure:7590: $? = 0
configure:7590: result: yes
configure:7796: checking for objdir
configure:7811: result: .libs
configure:8082: checking if gcc supports -fno-rtti -fno-exceptions
configure:8100: gcc -c -g -O2  -fno-rtti -fno-exceptions conftest.c >&5
configure:8104: $? = 0
configure:8117: result: yes
configure:8444: checking for gcc option to produce PIC
configure:8451: result: -fno-common -DPIC
configure:8459: checking if gcc PIC flag -fno-common -DPIC works
configure:8477: gcc -c -g -O2  -fno-common -DPIC -DPIC conftest.c >&5
configure:8481: $? = 0
configure:8494: result: yes
configure:8523: checking if gcc static flag -static works
configure:8551: result: no
configure:8566: checking if gcc supports -c -o file.o
configure:8587: gcc -c -g -O2  -o out/conftest2.o conftest.c >&5
configure:8591: $? = 0
configure:8613: result: yes
configure:8621: checking if gcc supports -c -o file.o
configure:8668: result: yes
configure:8701: checking whether the gcc linker (/Applications/Xcode.app/Contents/Developer/Toolchains/XcodeDefault.xctoolchain/usr/bin/ld) supports shared libraries
configure:9854: result: yes
configure:10094: checking dynamic linker characteristics
configure:10827: result: darwin14.1.0 dyld
configure:10934: checking how to hardcode library paths into programs
configure:10959: result: immediate
configure:11499: checking whether stripping libraries is possible
configure:11513: result: yes
configure:11539: checking if libtool supports shared libraries
configure:11541: result: yes
configure:11544: checking whether to build shared libraries
configure:11565: result: yes
configure:11568: checking whether to build static libraries
configure:11572: result: yes
configure:11667: checking for g++
configure:11683: found /usr/bin/g++
configure:11694: result: g++
configure:11721: checking for C++ compiler version
configure:11730: g++ --version >&5
Apple LLVM version 6.0 (clang-600.0.56) (based on LLVM 3.5svn)
Target: x86_64-apple-darwin14.1.0
Thread model: posix
Configured with: --prefix=/Applications/Xcode.app/Contents/Developer/usr --with-gxx-include-dir=/usr/include/c++/4.2.1
configure:11741: $? = 0
configure:11730: g++ -v >&5
Configured with: --prefix=/Applications/Xcode.app/Contents/Developer/usr --with-gxx-include-dir=/usr/include/c++/4.2.1
Apple LLVM version 6.0 (clang-600.0.56) (based on LLVM 3.5svn)
Target: x86_64-apple-darwin14.1.0
Thread model: posix
configure:11741: $? = 0
configure:11730: g++ -V >&5
clang: error: argument to '-V' is missing (expected 1 value)
clang: error: no input files
configure:11741: $? = 1
configure:11730: g++ -qversion >&5
clang: error: unknown argument: '-qversion'
clang: error: no input files
configure:11741: $? = 1
configure:11745: checking whether we are using the GNU C++ compiler
configure:11764: g++ -c   conftest.cpp >&5
configure:11764: $? = 0
configure:11773: result: yes
configure:11782: checking whether g++ accepts -g
configure:11802: g++ -c -g  conftest.cpp >&5
configure:11802: $? = 0
configure:11843: result: yes
configure:11868: checking dependency style of g++
configure:11979: result: gcc3
configure:12012: checking how to run the C++ preprocessor
configure:12039: g++ -E  conftest.cpp
configure:12039: $? = 0
configure:12053: g++ -E  conftest.cpp
conftest.cpp:23:10: fatal error: 'ac_nonexistent.h' file not found
#include <ac_nonexistent.h>
         ^
1 error generated.
configure:12053: $? = 1
configure: failed program was:
| /* confdefs.h */
| #define PACKAGE_NAME "ShaderExamples"
| #define PACKAGE_TARNAME "shaderexamples"
| #define PACKAGE_VERSION "0.1"
| #define PACKAGE_STRING "ShaderExamples 0.1"
| #define PACKAGE_BUGREPORT ""
| #define PACKAGE_URL ""
| #define PACKAGE "shaderexamples"
| #define VERSION "0.1"
| #define STDC_HEADERS 1
| #define HAVE_SYS_TYPES_H 1
| #define HAVE_SYS_STAT_H 1
| #define HAVE_STDLIB_H 1
| #define HAVE_STRING_H 1
| #define HAVE_MEMORY_H 1
| #define HAVE_STRINGS_H 1
| #define HAVE_INTTYPES_H 1
| #define HAVE_STDINT_H 1
| #define HAVE_UNISTD_H 1
| #define HAVE_DLFCN_H 1
| #define LT_OBJDIR ".libs/"
| /* end confdefs.h.  */
| #include <ac_nonexistent.h>
configure:12078: result: g++ -E
configure:12098: g++ -E  conftest.cpp
configure:12098: $? = 0
configure:12112: g++ -E  conftest.cpp
conftest.cpp:23:10: fatal error: 'ac_nonexistent.h' file not found
#include <ac_nonexistent.h>
         ^
1 error generated.
configure:12112: $? = 1
configure: failed program was:
| /* confdefs.h */
| #define PACKAGE_NAME "ShaderExamples"
| #define PACKAGE_TARNAME "shaderexamples"
| #define PACKAGE_VERSION "0.1"
| #define PACKAGE_STRING "ShaderExamples 0.1"
| #define PACKAGE_BUGREPORT ""
| #define PACKAGE_URL ""
| #define PACKAGE "shaderexamples"
| #define VERSION "0.1"
| #define STDC_HEADERS 1
| #define HAVE_SYS_TYPES_H 1
| #define HAVE_SYS_STAT_H 1
| #define HAVE_STDLIB_H 1
| #define HAVE_STRING_H 1
| #define HAVE_MEMORY_H 1
| #define HAVE_STRINGS_H 1
| #define HAVE_INTTYPES_H 1
| #define HAVE_STDINT_H 1
| #define HAVE_UNISTD_H 1
| #define HAVE_DLFCN_H 1
| #define LT_OBJDIR ".libs/"
| /* end confdefs.h.  */
| #include <ac_nonexistent.h>
configure:12281: checking for ld used by g++
configure:12348: result: /Applications/Xcode.app/Contents/Developer/Toolchains/XcodeDefault.xctoolchain/usr/bin/ld
configure:12355: checking if the linker (/Applications/Xcode.app/Contents/Developer/Toolchains/XcodeDefault.xctoolchain/usr/bin/ld) is GNU ld
configure:12370: result: no
configure:12425: checking whether the g++ linker (/Applications/Xcode.app/Contents/Developer/Toolchains/XcodeDefault.xctoolchain/usr/bin/ld) supports shared libraries
configure:13430: result: yes
configure:13466: g++ -c -g -O2  conftest.cpp >&5
configure:13469: $? = 0
configure:13989: checking for g++ option to produce PIC
configure:13996: result: -fno-common -DPIC
configure:14004: checking if g++ PIC flag -fno-common -DPIC works
configure:14022: g++ -c -g -O2  -fno-common -DPIC -DPIC conftest.cpp >&5
configure:14026: $? = 0
configure:14039: result: yes
configure:14062: checking if g++ static flag -static works
configure:14090: result: no
configure:14102: checking if g++ supports -c -o file.o
configure:14123: g++ -c -g -O2  -o out/conftest2.o conftest.cpp >&5
configure:14127: $? = 0
configure:14149: result: yes
configure:14154: checking if g++ supports -c -o file.o
configure:14201: result: yes
configure:14231: checking whether the g++ linker (/Applications/Xcode.app/Contents/Developer/Toolchains/XcodeDefault.xctoolchain/usr/bin/ld) supports shared libraries
configure:14267: result: yes
configure:14408: checking dynamic linker characteristics
configure:15075: result: darwin14.1.0 dyld
configure:15128: checking how to hardcode library paths into programs
configure:15153: result: immediate
configure: this is boost.m4 serial 23
configure:15229: checking for Boost headers version >= 0.0.0
configure:15300: g++ -c -g -O2  conftest.cpp >&5
configure:15300: $? = 0
configure:15321: result: yes
configure:15340: checking for Boost's header version
configure:15368: result: 1_56
configure:15380: checking for the toolset name used by Boost for g++
configure:15490: g++ -c -g -O2  conftest.cpp >&5
conftest.cpp:28:3: error: defined __GNUC__ && __GNUC__ == 4 && __GNUC_MINOR__ == 10 && !defined __ICC &&   (defined WIN32 || defined WINNT || defined _WIN32 || defined __WIN32          || defined __WIN32__ || defined __WINNT || defined __WINNT__)
# error defined __GNUC__ && __GNUC__ == 4 && __GNUC_MINOR__ == 10 && !defined __ICC &&   (defined WIN32 || defined WINNT || defined _WIN32 || defined __WIN32          || defined __WIN32__ || defined __WINNT || defined __WINNT__)
  ^
1 error generated.
configure:15490: $? = 1
configure: failed program was:
| /* confdefs.h */
| #define PACKAGE_NAME "ShaderExamples"
| #define PACKAGE_TARNAME "shaderexamples"
| #define PACKAGE_VERSION "0.1"
| #define PACKAGE_STRING "ShaderExamples 0.1"
| #define PACKAGE_BUGREPORT ""
| #define PACKAGE_URL ""
| #define PACKAGE "shaderexamples"
| #define VERSION "0.1"
| #define STDC_HEADERS 1
| #define HAVE_SYS_TYPES_H 1
| #define HAVE_SYS_STAT_H 1
| #define HAVE_STDLIB_H 1
| #define HAVE_STRING_H 1
| #define HAVE_MEMORY_H 1
| #define HAVE_STRINGS_H 1
| #define HAVE_INTTYPES_H 1
| #define HAVE_STDINT_H 1
| #define HAVE_UNISTD_H 1
| #define HAVE_DLFCN_H 1
| #define LT_OBJDIR ".libs/"
| #define HAVE_BOOST 1
| /* end confdefs.h.  */
| 
| #if defined __GNUC__ && __GNUC__ == 4 && __GNUC_MINOR__ == 10 && !defined __ICC &&   (defined WIN32 || defined WINNT || defined _WIN32 || defined __WIN32          || defined __WIN32__ || defined __WINNT || defined __WINNT__)
| /* OK */
| #else
| # error defined __GNUC__ && __GNUC__ == 4 && __GNUC_MINOR__ == 10 && !defined __ICC &&   (defined WIN32 || defined WINNT || defined _WIN32 || defined __WIN32          || defined __WIN32__ || defined __WINNT || defined __WINNT__)
| #endif
| 
| int
| main ()
| {
| 
|   ;
|   return 0;
| }
configure:15490: g++ -c -g -O2  conftest.cpp >&5
conftest.cpp:28:3: error: defined __GNUC__ && __GNUC__ == 4 && __GNUC_MINOR__ == 10 && !defined __ICC
# error defined __GNUC__ && __GNUC__ == 4 && __GNUC_MINOR__ == 10 && !defined __ICC
  ^
1 error generated.
configure:15490: $? = 1
configure: failed program was:
| /* confdefs.h */
| #define PACKAGE_NAME "ShaderExamples"
| #define PACKAGE_TARNAME "shaderexamples"
| #define PACKAGE_VERSION "0.1"
| #define PACKAGE_STRING "ShaderExamples 0.1"
| #define PACKAGE_BUGREPORT ""
| #define PACKAGE_URL ""
| #define PACKAGE "shaderexamples"
| #define VERSION "0.1"
| #define STDC_HEADERS 1
| #define HAVE_SYS_TYPES_H 1
| #define HAVE_SYS_STAT_H 1
| #define HAVE_STDLIB_H 1
| #define HAVE_STRING_H 1
| #define HAVE_MEMORY_H 1
| #define HAVE_STRINGS_H 1
| #define HAVE_INTTYPES_H 1
| #define HAVE_STDINT_H 1
| #define HAVE_UNISTD_H 1
| #define HAVE_DLFCN_H 1
| #define LT_OBJDIR ".libs/"
| #define HAVE_BOOST 1
| /* end confdefs.h.  */
| 
| #if defined __GNUC__ && __GNUC__ == 4 && __GNUC_MINOR__ == 10 && !defined __ICC
| /* OK */
| #else
| # error defined __GNUC__ && __GNUC__ == 4 && __GNUC_MINOR__ == 10 && !defined __ICC
| #endif
| 
| int
| main ()
| {
| 
|   ;
|   return 0;
| }
configure:15490: g++ -c -g -O2  conftest.cpp >&5
conftest.cpp:28:3: error: defined __GNUC__ && __GNUC__ == 4 && __GNUC_MINOR__ == 9 && !defined __ICC &&   (defined WIN32 || defined WINNT || defined _WIN32 || defined __WIN32          || defined __WIN32__ || defined __WINNT || defined __WINNT__)
# error defined __GNUC__ && __GNUC__ == 4 && __GNUC_MINOR__ == 9 && !defined __ICC &&   (defined WIN32 || defined WINNT || defined _WIN32 || defined __WIN32          || defined __WIN32__ || defined __WINNT || defined __WINNT__)
  ^
1 error generated.
configure:15490: $? = 1
configure: failed program was:
| /* confdefs.h */
| #define PACKAGE_NAME "ShaderExamples"
| #define PACKAGE_TARNAME "shaderexamples"
| #define PACKAGE_VERSION "0.1"
| #define PACKAGE_STRING "ShaderExamples 0.1"
| #define PACKAGE_BUGREPORT ""
| #define PACKAGE_URL ""
| #define PACKAGE "shaderexamples"
| #define VERSION "0.1"
| #define STDC_HEADERS 1
| #define HAVE_SYS_TYPES_H 1
| #define HAVE_SYS_STAT_H 1
| #define HAVE_STDLIB_H 1
| #define HAVE_STRING_H 1
| #define HAVE_MEMORY_H 1
| #define HAVE_STRINGS_H 1
| #define HAVE_INTTYPES_H 1
| #define HAVE_STDINT_H 1
| #define HAVE_UNISTD_H 1
| #define HAVE_DLFCN_H 1
| #define LT_OBJDIR ".libs/"
| #define HAVE_BOOST 1
| /* end confdefs.h.  */
| 
| #if defined __GNUC__ && __GNUC__ == 4 && __GNUC_MINOR__ == 9 && !defined __ICC &&   (defined WIN32 || defined WINNT || defined _WIN32 || defined __WIN32          || defined __WIN32__ || defined __WINNT || defined __WINNT__)
| /* OK */
| #else
| # error defined __GNUC__ && __GNUC__ == 4 && __GNUC_MINOR__ == 9 && !defined __ICC &&   (defined WIN32 || defined WINNT || defined _WIN32 || defined __WIN32          || defined __WIN32__ || defined __WINNT || defined __WINNT__)
| #endif
| 
| int
| main ()
| {
| 
|   ;
|   return 0;
| }
configure:15490: g++ -c -g -O2  conftest.cpp >&5
conftest.cpp:28:3: error: defined __GNUC__ && __GNUC__ == 4 && __GNUC_MINOR__ == 9 && !defined __ICC
# error defined __GNUC__ && __GNUC__ == 4 && __GNUC_MINOR__ == 9 && !defined __ICC
  ^
1 error generated.
configure:15490: $? = 1
configure: failed program was:
| /* confdefs.h */
| #define PACKAGE_NAME "ShaderExamples"
| #define PACKAGE_TARNAME "shaderexamples"
| #define PACKAGE_VERSION "0.1"
| #define PACKAGE_STRING "ShaderExamples 0.1"
| #define PACKAGE_BUGREPORT ""
| #define PACKAGE_URL ""
| #define PACKAGE "shaderexamples"
| #define VERSION "0.1"
| #define STDC_HEADERS 1
| #define HAVE_SYS_TYPES_H 1
| #define HAVE_SYS_STAT_H 1
| #define HAVE_STDLIB_H 1
| #define HAVE_STRING_H 1
| #define HAVE_MEMORY_H 1
| #define HAVE_STRINGS_H 1
| #define HAVE_INTTYPES_H 1
| #define HAVE_STDINT_H 1
| #define HAVE_UNISTD_H 1
| #define HAVE_DLFCN_H 1
| #define LT_OBJDIR ".libs/"
| #define HAVE_BOOST 1
| /* end confdefs.h.  */
| 
| #if defined __GNUC__ && __GNUC__ == 4 && __GNUC_MINOR__ == 9 && !defined __ICC
| /* OK */
| #else
| # error defined __GNUC__ && __GNUC__ == 4 && __GNUC_MINOR__ == 9 && !defined __ICC
| #endif
| 
| int
| main ()
| {
| 
|   ;
|   return 0;
| }
configure:15490: g++ -c -g -O2  conftest.cpp >&5
conftest.cpp:28:3: error: defined __GNUC__ && __GNUC__ == 4 && __GNUC_MINOR__ == 8 && !defined __ICC &&   (defined WIN32 || defined WINNT || defined _WIN32 || defined __WIN32          || defined __WIN32__ || defined __WINNT || defined __WINNT__)
# error defined __GNUC__ && __GNUC__ == 4 && __GNUC_MINOR__ == 8 && !defined __ICC &&   (defined WIN32 || defined WINNT || defined _WIN32 || defined __WIN32          || defined __WIN32__ || defined __WINNT || defined __WINNT__)
  ^
1 error generated.
configure:15490: $? = 1
configure: failed program was:
| /* confdefs.h */
| #define PACKAGE_NAME "ShaderExamples"
| #define PACKAGE_TARNAME "shaderexamples"
| #define PACKAGE_VERSION "0.1"
| #define PACKAGE_STRING "ShaderExamples 0.1"
| #define PACKAGE_BUGREPORT ""
| #define PACKAGE_URL ""
| #define PACKAGE "shaderexamples"
| #define VERSION "0.1"
| #define STDC_HEADERS 1
| #define HAVE_SYS_TYPES_H 1
| #define HAVE_SYS_STAT_H 1
| #define HAVE_STDLIB_H 1
| #define HAVE_STRING_H 1
| #define HAVE_MEMORY_H 1
| #define HAVE_STRINGS_H 1
| #define HAVE_INTTYPES_H 1
| #define HAVE_STDINT_H 1
| #define HAVE_UNISTD_H 1
| #define HAVE_DLFCN_H 1
| #define LT_OBJDIR ".libs/"
| #define HAVE_BOOST 1
| /* end confdefs.h.  */
| 
| #if defined __GNUC__ && __GNUC__ == 4 && __GNUC_MINOR__ == 8 && !defined __ICC &&   (defined WIN32 || defined WINNT || defined _WIN32 || defined __WIN32          || defined __WIN32__ || defined __WINNT || defined __WINNT__)
| /* OK */
| #else
| # error defined __GNUC__ && __GNUC__ == 4 && __GNUC_MINOR__ == 8 && !defined __ICC &&   (defined WIN32 || defined WINNT || defined _WIN32 || defined __WIN32          || defined __WIN32__ || defined __WINNT || defined __WINNT__)
| #endif
| 
| int
| main ()
| {
| 
|   ;
|   return 0;
| }
configure:15490: g++ -c -g -O2  conftest.cpp >&5
conftest.cpp:28:3: error: defined __GNUC__ && __GNUC__ == 4 && __GNUC_MINOR__ == 8 && !defined __ICC
# error defined __GNUC__ && __GNUC__ == 4 && __GNUC_MINOR__ == 8 && !defined __ICC
  ^
1 error generated.
configure:15490: $? = 1
configure: failed program was:
| /* confdefs.h */
| #define PACKAGE_NAME "ShaderExamples"
| #define PACKAGE_TARNAME "shaderexamples"
| #define PACKAGE_VERSION "0.1"
| #define PACKAGE_STRING "ShaderExamples 0.1"
| #define PACKAGE_BUGREPORT ""
| #define PACKAGE_URL ""
| #define PACKAGE "shaderexamples"
| #define VERSION "0.1"
| #define STDC_HEADERS 1
| #define HAVE_SYS_TYPES_H 1
| #define HAVE_SYS_STAT_H 1
| #define HAVE_STDLIB_H 1
| #define HAVE_STRING_H 1
| #define HAVE_MEMORY_H 1
| #define HAVE_STRINGS_H 1
| #define HAVE_INTTYPES_H 1
| #define HAVE_STDINT_H 1
| #define HAVE_UNISTD_H 1
| #define HAVE_DLFCN_H 1
| #define LT_OBJDIR ".libs/"
| #define HAVE_BOOST 1
| /* end confdefs.h.  */
| 
| #if defined __GNUC__ && __GNUC__ == 4 && __GNUC_MINOR__ == 8 && !defined __ICC
| /* OK */
| #else
| # error defined __GNUC__ && __GNUC__ == 4 && __GNUC_MINOR__ == 8 && !defined __ICC
| #endif
| 
| int
| main ()
| {
| 
|   ;
|   return 0;
| }
configure:15490: g++ -c -g -O2  conftest.cpp >&5
conftest.cpp:28:3: error: defined __GNUC__ && __GNUC__ == 4 && __GNUC_MINOR__ == 7 && !defined __ICC &&   (defined WIN32 || defined WINNT || defined _WIN32 || defined __WIN32          || defined __WIN32__ || defined __WINNT || defined __WINNT__)
# error defined __GNUC__ && __GNUC__ == 4 && __GNUC_MINOR__ == 7 && !defined __ICC &&   (defined WIN32 || defined WINNT || defined _WIN32 || defined __WIN32          || defined __WIN32__ || defined __WINNT || defined __WINNT__)
  ^
1 error generated.
configure:15490: $? = 1
configure: failed program was:
| /* confdefs.h */
| #define PACKAGE_NAME "ShaderExamples"
| #define PACKAGE_TARNAME "shaderexamples"
| #define PACKAGE_VERSION "0.1"
| #define PACKAGE_STRING "ShaderExamples 0.1"
| #define PACKAGE_BUGREPORT ""
| #define PACKAGE_URL ""
| #define PACKAGE "shaderexamples"
| #define VERSION "0.1"
| #define STDC_HEADERS 1
| #define HAVE_SYS_TYPES_H 1
| #define HAVE_SYS_STAT_H 1
| #define HAVE_STDLIB_H 1
| #define HAVE_STRING_H 1
| #define HAVE_MEMORY_H 1
| #define HAVE_STRINGS_H 1
| #define HAVE_INTTYPES_H 1
| #define HAVE_STDINT_H 1
| #define HAVE_UNISTD_H 1
| #define HAVE_DLFCN_H 1
| #define LT_OBJDIR ".libs/"
| #define HAVE_BOOST 1
| /* end confdefs.h.  */
| 
| #if defined __GNUC__ && __GNUC__ == 4 && __GNUC_MINOR__ == 7 && !defined __ICC &&   (defined WIN32 || defined WINNT || defined _WIN32 || defined __WIN32          || defined __WIN32__ || defined __WINNT || defined __WINNT__)
| /* OK */
| #else
| # error defined __GNUC__ && __GNUC__ == 4 && __GNUC_MINOR__ == 7 && !defined __ICC &&   (defined WIN32 || defined WINNT || defined _WIN32 || defined __WIN32          || defined __WIN32__ || defined __WINNT || defined __WINNT__)
| #endif
| 
| int
| main ()
| {
| 
|   ;
|   return 0;
| }
configure:15490: g++ -c -g -O2  conftest.cpp >&5
conftest.cpp:28:3: error: defined __GNUC__ && __GNUC__ == 4 && __GNUC_MINOR__ == 7 && !defined __ICC
# error defined __GNUC__ && __GNUC__ == 4 && __GNUC_MINOR__ == 7 && !defined __ICC
  ^
1 error generated.
configure:15490: $? = 1
configure: failed program was:
| /* confdefs.h */
| #define PACKAGE_NAME "ShaderExamples"
| #define PACKAGE_TARNAME "shaderexamples"
| #define PACKAGE_VERSION "0.1"
| #define PACKAGE_STRING "ShaderExamples 0.1"
| #define PACKAGE_BUGREPORT ""
| #define PACKAGE_URL ""
| #define PACKAGE "shaderexamples"
| #define VERSION "0.1"
| #define STDC_HEADERS 1
| #define HAVE_SYS_TYPES_H 1
| #define HAVE_SYS_STAT_H 1
| #define HAVE_STDLIB_H 1
| #define HAVE_STRING_H 1
| #define HAVE_MEMORY_H 1
| #define HAVE_STRINGS_H 1
| #define HAVE_INTTYPES_H 1
| #define HAVE_STDINT_H 1
| #define HAVE_UNISTD_H 1
| #define HAVE_DLFCN_H 1
| #define LT_OBJDIR ".libs/"
| #define HAVE_BOOST 1
| /* end confdefs.h.  */
| 
| #if defined __GNUC__ && __GNUC__ == 4 && __GNUC_MINOR__ == 7 && !defined __ICC
| /* OK */
| #else
| # error defined __GNUC__ && __GNUC__ == 4 && __GNUC_MINOR__ == 7 && !defined __ICC
| #endif
| 
| int
| main ()
| {
| 
|   ;
|   return 0;
| }
configure:15490: g++ -c -g -O2  conftest.cpp >&5
conftest.cpp:28:3: error: defined __GNUC__ && __GNUC__ == 4 && __GNUC_MINOR__ == 6 && !defined __ICC &&   (defined WIN32 || defined WINNT || defined _WIN32 || defined __WIN32          || defined __WIN32__ || defined __WINNT || defined __WINNT__)
# error defined __GNUC__ && __GNUC__ == 4 && __GNUC_MINOR__ == 6 && !defined __ICC &&   (defined WIN32 || defined WINNT || defined _WIN32 || defined __WIN32          || defined __WIN32__ || defined __WINNT || defined __WINNT__)
  ^
1 error generated.
configure:15490: $? = 1
configure: failed program was:
| /* confdefs.h */
| #define PACKAGE_NAME "ShaderExamples"
| #define PACKAGE_TARNAME "shaderexamples"
| #define PACKAGE_VERSION "0.1"
| #define PACKAGE_STRING "ShaderExamples 0.1"
| #define PACKAGE_BUGREPORT ""
| #define PACKAGE_URL ""
| #define PACKAGE "shaderexamples"
| #define VERSION "0.1"
| #define STDC_HEADERS 1
| #define HAVE_SYS_TYPES_H 1
| #define HAVE_SYS_STAT_H 1
| #define HAVE_STDLIB_H 1
| #define HAVE_STRING_H 1
| #define HAVE_MEMORY_H 1
| #define HAVE_STRINGS_H 1
| #define HAVE_INTTYPES_H 1
| #define HAVE_STDINT_H 1
| #define HAVE_UNISTD_H 1
| #define HAVE_DLFCN_H 1
| #define LT_OBJDIR ".libs/"
| #define HAVE_BOOST 1
| /* end confdefs.h.  */
| 
| #if defined __GNUC__ && __GNUC__ == 4 && __GNUC_MINOR__ == 6 && !defined __ICC &&   (defined WIN32 || defined WINNT || defined _WIN32 || defined __WIN32          || defined __WIN32__ || defined __WINNT || defined __WINNT__)
| /* OK */
| #else
| # error defined __GNUC__ && __GNUC__ == 4 && __GNUC_MINOR__ == 6 && !defined __ICC &&   (defined WIN32 || defined WINNT || defined _WIN32 || defined __WIN32          || defined __WIN32__ || defined __WINNT || defined __WINNT__)
| #endif
| 
| int
| main ()
| {
| 
|   ;
|   return 0;
| }
configure:15490: g++ -c -g -O2  conftest.cpp >&5
conftest.cpp:28:3: error: defined __GNUC__ && __GNUC__ == 4 && __GNUC_MINOR__ == 6 && !defined __ICC
# error defined __GNUC__ && __GNUC__ == 4 && __GNUC_MINOR__ == 6 && !defined __ICC
  ^
1 error generated.
configure:15490: $? = 1
configure: failed program was:
| /* confdefs.h */
| #define PACKAGE_NAME "ShaderExamples"
| #define PACKAGE_TARNAME "shaderexamples"
| #define PACKAGE_VERSION "0.1"
| #define PACKAGE_STRING "ShaderExamples 0.1"
| #define PACKAGE_BUGREPORT ""
| #define PACKAGE_URL ""
| #define PACKAGE "shaderexamples"
| #define VERSION "0.1"
| #define STDC_HEADERS 1
| #define HAVE_SYS_TYPES_H 1
| #define HAVE_SYS_STAT_H 1
| #define HAVE_STDLIB_H 1
| #define HAVE_STRING_H 1
| #define HAVE_MEMORY_H 1
| #define HAVE_STRINGS_H 1
| #define HAVE_INTTYPES_H 1
| #define HAVE_STDINT_H 1
| #define HAVE_UNISTD_H 1
| #define HAVE_DLFCN_H 1
| #define LT_OBJDIR ".libs/"
| #define HAVE_BOOST 1
| /* end confdefs.h.  */
| 
| #if defined __GNUC__ && __GNUC__ == 4 && __GNUC_MINOR__ == 6 && !defined __ICC
| /* OK */
| #else
| # error defined __GNUC__ && __GNUC__ == 4 && __GNUC_MINOR__ == 6 && !defined __ICC
| #endif
| 
| int
| main ()
| {
| 
|   ;
|   return 0;
| }
configure:15490: g++ -c -g -O2  conftest.cpp >&5
conftest.cpp:28:3: error: defined __GNUC__ && __GNUC__ == 4 && __GNUC_MINOR__ == 5 && !defined __ICC &&   (defined WIN32 || defined WINNT || defined _WIN32 || defined __WIN32          || defined __WIN32__ || defined __WINNT || defined __WINNT__)
# error defined __GNUC__ && __GNUC__ == 4 && __GNUC_MINOR__ == 5 && !defined __ICC &&   (defined WIN32 || defined WINNT || defined _WIN32 || defined __WIN32          || defined __WIN32__ || defined __WINNT || defined __WINNT__)
  ^
1 error generated.
configure:15490: $? = 1
configure: failed program was:
| /* confdefs.h */
| #define PACKAGE_NAME "ShaderExamples"
| #define PACKAGE_TARNAME "shaderexamples"
| #define PACKAGE_VERSION "0.1"
| #define PACKAGE_STRING "ShaderExamples 0.1"
| #define PACKAGE_BUGREPORT ""
| #define PACKAGE_URL ""
| #define PACKAGE "shaderexamples"
| #define VERSION "0.1"
| #define STDC_HEADERS 1
| #define HAVE_SYS_TYPES_H 1
| #define HAVE_SYS_STAT_H 1
| #define HAVE_STDLIB_H 1
| #define HAVE_STRING_H 1
| #define HAVE_MEMORY_H 1
| #define HAVE_STRINGS_H 1
| #define HAVE_INTTYPES_H 1
| #define HAVE_STDINT_H 1
| #define HAVE_UNISTD_H 1
| #define HAVE_DLFCN_H 1
| #define LT_OBJDIR ".libs/"
| #define HAVE_BOOST 1
| /* end confdefs.h.  */
| 
| #if defined __GNUC__ && __GNUC__ == 4 && __GNUC_MINOR__ == 5 && !defined __ICC &&   (defined WIN32 || defined WINNT || defined _WIN32 || defined __WIN32          || defined __WIN32__ || defined __WINNT || defined __WINNT__)
| /* OK */
| #else
| # error defined __GNUC__ && __GNUC__ == 4 && __GNUC_MINOR__ == 5 && !defined __ICC &&   (defined WIN32 || defined WINNT || defined _WIN32 || defined __WIN32          || defined __WIN32__ || defined __WINNT || defined __WINNT__)
| #endif
| 
| int
| main ()
| {
| 
|   ;
|   return 0;
| }
configure:15490: g++ -c -g -O2  conftest.cpp >&5
conftest.cpp:28:3: error: defined __GNUC__ && __GNUC__ == 4 && __GNUC_MINOR__ == 5 && !defined __ICC
# error defined __GNUC__ && __GNUC__ == 4 && __GNUC_MINOR__ == 5 && !defined __ICC
  ^
1 error generated.
configure:15490: $? = 1
configure: failed program was:
| /* confdefs.h */
| #define PACKAGE_NAME "ShaderExamples"
| #define PACKAGE_TARNAME "shaderexamples"
| #define PACKAGE_VERSION "0.1"
| #define PACKAGE_STRING "ShaderExamples 0.1"
| #define PACKAGE_BUGREPORT ""
| #define PACKAGE_URL ""
| #define PACKAGE "shaderexamples"
| #define VERSION "0.1"
| #define STDC_HEADERS 1
| #define HAVE_SYS_TYPES_H 1
| #define HAVE_SYS_STAT_H 1
| #define HAVE_STDLIB_H 1
| #define HAVE_STRING_H 1
| #define HAVE_MEMORY_H 1
| #define HAVE_STRINGS_H 1
| #define HAVE_INTTYPES_H 1
| #define HAVE_STDINT_H 1
| #define HAVE_UNISTD_H 1
| #define HAVE_DLFCN_H 1
| #define LT_OBJDIR ".libs/"
| #define HAVE_BOOST 1
| /* end confdefs.h.  */
| 
| #if defined __GNUC__ && __GNUC__ == 4 && __GNUC_MINOR__ == 5 && !defined __ICC
| /* OK */
| #else
| # error defined __GNUC__ && __GNUC__ == 4 && __GNUC_MINOR__ == 5 && !defined __ICC
| #endif
| 
| int
| main ()
| {
| 
|   ;
|   return 0;
| }
configure:15490: g++ -c -g -O2  conftest.cpp >&5
conftest.cpp:28:3: error: defined __GNUC__ && __GNUC__ == 4 && __GNUC_MINOR__ == 4 && !defined __ICC &&   (defined WIN32 || defined WINNT || defined _WIN32 || defined __WIN32          || defined __WIN32__ || defined __WINNT || defined __WINNT__)
# error defined __GNUC__ && __GNUC__ == 4 && __GNUC_MINOR__ == 4 && !defined __ICC &&   (defined WIN32 || defined WINNT || defined _WIN32 || defined __WIN32          || defined __WIN32__ || defined __WINNT || defined __WINNT__)
  ^
1 error generated.
configure:15490: $? = 1
configure: failed program was:
| /* confdefs.h */
| #define PACKAGE_NAME "ShaderExamples"
| #define PACKAGE_TARNAME "shaderexamples"
| #define PACKAGE_VERSION "0.1"
| #define PACKAGE_STRING "ShaderExamples 0.1"
| #define PACKAGE_BUGREPORT ""
| #define PACKAGE_URL ""
| #define PACKAGE "shaderexamples"
| #define VERSION "0.1"
| #define STDC_HEADERS 1
| #define HAVE_SYS_TYPES_H 1
| #define HAVE_SYS_STAT_H 1
| #define HAVE_STDLIB_H 1
| #define HAVE_STRING_H 1
| #define HAVE_MEMORY_H 1
| #define HAVE_STRINGS_H 1
| #define HAVE_INTTYPES_H 1
| #define HAVE_STDINT_H 1
| #define HAVE_UNISTD_H 1
| #define HAVE_DLFCN_H 1
| #define LT_OBJDIR ".libs/"
| #define HAVE_BOOST 1
| /* end confdefs.h.  */
| 
| #if defined __GNUC__ && __GNUC__ == 4 && __GNUC_MINOR__ == 4 && !defined __ICC &&   (defined WIN32 || defined WINNT || defined _WIN32 || defined __WIN32          || defined __WIN32__ || defined __WINNT || defined __WINNT__)
| /* OK */
| #else
| # error defined __GNUC__ && __GNUC__ == 4 && __GNUC_MINOR__ == 4 && !defined __ICC &&   (defined WIN32 || defined WINNT || defined _WIN32 || defined __WIN32          || defined __WIN32__ || defined __WINNT || defined __WINNT__)
| #endif
| 
| int
| main ()
| {
| 
|   ;
|   return 0;
| }
configure:15490: g++ -c -g -O2  conftest.cpp >&5
conftest.cpp:28:3: error: defined __GNUC__ && __GNUC__ == 4 && __GNUC_MINOR__ == 4 && !defined __ICC
# error defined __GNUC__ && __GNUC__ == 4 && __GNUC_MINOR__ == 4 && !defined __ICC
  ^
1 error generated.
configure:15490: $? = 1
configure: failed program was:
| /* confdefs.h */
| #define PACKAGE_NAME "ShaderExamples"
| #define PACKAGE_TARNAME "shaderexamples"
| #define PACKAGE_VERSION "0.1"
| #define PACKAGE_STRING "ShaderExamples 0.1"
| #define PACKAGE_BUGREPORT ""
| #define PACKAGE_URL ""
| #define PACKAGE "shaderexamples"
| #define VERSION "0.1"
| #define STDC_HEADERS 1
| #define HAVE_SYS_TYPES_H 1
| #define HAVE_SYS_STAT_H 1
| #define HAVE_STDLIB_H 1
| #define HAVE_STRING_H 1
| #define HAVE_MEMORY_H 1
| #define HAVE_STRINGS_H 1
| #define HAVE_INTTYPES_H 1
| #define HAVE_STDINT_H 1
| #define HAVE_UNISTD_H 1
| #define HAVE_DLFCN_H 1
| #define LT_OBJDIR ".libs/"
| #define HAVE_BOOST 1
| /* end confdefs.h.  */
| 
| #if defined __GNUC__ && __GNUC__ == 4 && __GNUC_MINOR__ == 4 && !defined __ICC
| /* OK */
| #else
| # error defined __GNUC__ && __GNUC__ == 4 && __GNUC_MINOR__ == 4 && !defined __ICC
| #endif
| 
| int
| main ()
| {
| 
|   ;
|   return 0;
| }
configure:15490: g++ -c -g -O2  conftest.cpp >&5
conftest.cpp:28:3: error: defined __GNUC__ && __GNUC__ == 4 && __GNUC_MINOR__ == 3 && !defined __ICC &&   (defined WIN32 || defined WINNT || defined _WIN32 || defined __WIN32          || defined __WIN32__ || defined __WINNT || defined __WINNT__)
# error defined __GNUC__ && __GNUC__ == 4 && __GNUC_MINOR__ == 3 && !defined __ICC &&   (defined WIN32 || defined WINNT || defined _WIN32 || defined __WIN32          || defined __WIN32__ || defined __WINNT || defined __WINNT__)
  ^
1 error generated.
configure:15490: $? = 1
configure: failed program was:
| /* confdefs.h */
| #define PACKAGE_NAME "ShaderExamples"
| #define PACKAGE_TARNAME "shaderexamples"
| #define PACKAGE_VERSION "0.1"
| #define PACKAGE_STRING "ShaderExamples 0.1"
| #define PACKAGE_BUGREPORT ""
| #define PACKAGE_URL ""
| #define PACKAGE "shaderexamples"
| #define VERSION "0.1"
| #define STDC_HEADERS 1
| #define HAVE_SYS_TYPES_H 1
| #define HAVE_SYS_STAT_H 1
| #define HAVE_STDLIB_H 1
| #define HAVE_STRING_H 1
| #define HAVE_MEMORY_H 1
| #define HAVE_STRINGS_H 1
| #define HAVE_INTTYPES_H 1
| #define HAVE_STDINT_H 1
| #define HAVE_UNISTD_H 1
| #define HAVE_DLFCN_H 1
| #define LT_OBJDIR ".libs/"
| #define HAVE_BOOST 1
| /* end confdefs.h.  */
| 
| #if defined __GNUC__ && __GNUC__ == 4 && __GNUC_MINOR__ == 3 && !defined __ICC &&   (defined WIN32 || defined WINNT || defined _WIN32 || defined __WIN32          || defined __WIN32__ || defined __WINNT || defined __WINNT__)
| /* OK */
| #else
| # error defined __GNUC__ && __GNUC__ == 4 && __GNUC_MINOR__ == 3 && !defined __ICC &&   (defined WIN32 || defined WINNT || defined _WIN32 || defined __WIN32          || defined __WIN32__ || defined __WINNT || defined __WINNT__)
| #endif
| 
| int
| main ()
| {
| 
|   ;
|   return 0;
| }
configure:15490: g++ -c -g -O2  conftest.cpp >&5
conftest.cpp:28:3: error: defined __GNUC__ && __GNUC__ == 4 && __GNUC_MINOR__ == 3 && !defined __ICC
# error defined __GNUC__ && __GNUC__ == 4 && __GNUC_MINOR__ == 3 && !defined __ICC
  ^
1 error generated.
configure:15490: $? = 1
configure: failed program was:
| /* confdefs.h */
| #define PACKAGE_NAME "ShaderExamples"
| #define PACKAGE_TARNAME "shaderexamples"
| #define PACKAGE_VERSION "0.1"
| #define PACKAGE_STRING "ShaderExamples 0.1"
| #define PACKAGE_BUGREPORT ""
| #define PACKAGE_URL ""
| #define PACKAGE "shaderexamples"
| #define VERSION "0.1"
| #define STDC_HEADERS 1
| #define HAVE_SYS_TYPES_H 1
| #define HAVE_SYS_STAT_H 1
| #define HAVE_STDLIB_H 1
| #define HAVE_STRING_H 1
| #define HAVE_MEMORY_H 1
| #define HAVE_STRINGS_H 1
| #define HAVE_INTTYPES_H 1
| #define HAVE_STDINT_H 1
| #define HAVE_UNISTD_H 1
| #define HAVE_DLFCN_H 1
| #define LT_OBJDIR ".libs/"
| #define HAVE_BOOST 1
| /* end confdefs.h.  */
| 
| #if defined __GNUC__ && __GNUC__ == 4 && __GNUC_MINOR__ == 3 && !defined __ICC
| /* OK */
| #else
| # error defined __GNUC__ && __GNUC__ == 4 && __GNUC_MINOR__ == 3 && !defined __ICC
| #endif
| 
| int
| main ()
| {
| 
|   ;
|   return 0;
| }
configure:15490: g++ -c -g -O2  conftest.cpp >&5
conftest.cpp:28:3: error: defined __GNUC__ && __GNUC__ == 4 && __GNUC_MINOR__ == 2 && !defined __ICC &&   (defined WIN32 || defined WINNT || defined _WIN32 || defined __WIN32          || defined __WIN32__ || defined __WINNT || defined __WINNT__)
# error defined __GNUC__ && __GNUC__ == 4 && __GNUC_MINOR__ == 2 && !defined __ICC &&   (defined WIN32 || defined WINNT || defined _WIN32 || defined __WIN32          || defined __WIN32__ || defined __WINNT || defined __WINNT__)
  ^
1 error generated.
configure:15490: $? = 1
configure: failed program was:
| /* confdefs.h */
| #define PACKAGE_NAME "ShaderExamples"
| #define PACKAGE_TARNAME "shaderexamples"
| #define PACKAGE_VERSION "0.1"
| #define PACKAGE_STRING "ShaderExamples 0.1"
| #define PACKAGE_BUGREPORT ""
| #define PACKAGE_URL ""
| #define PACKAGE "shaderexamples"
| #define VERSION "0.1"
| #define STDC_HEADERS 1
| #define HAVE_SYS_TYPES_H 1
| #define HAVE_SYS_STAT_H 1
| #define HAVE_STDLIB_H 1
| #define HAVE_STRING_H 1
| #define HAVE_MEMORY_H 1
| #define HAVE_STRINGS_H 1
| #define HAVE_INTTYPES_H 1
| #define HAVE_STDINT_H 1
| #define HAVE_UNISTD_H 1
| #define HAVE_DLFCN_H 1
| #define LT_OBJDIR ".libs/"
| #define HAVE_BOOST 1
| /* end confdefs.h.  */
| 
| #if defined __GNUC__ && __GNUC__ == 4 && __GNUC_MINOR__ == 2 && !defined __ICC &&   (defined WIN32 || defined WINNT || defined _WIN32 || defined __WIN32          || defined __WIN32__ || defined __WINNT || defined __WINNT__)
| /* OK */
| #else
| # error defined __GNUC__ && __GNUC__ == 4 && __GNUC_MINOR__ == 2 && !defined __ICC &&   (defined WIN32 || defined WINNT || defined _WIN32 || defined __WIN32          || defined __WIN32__ || defined __WINNT || defined __WINNT__)
| #endif
| 
| int
| main ()
| {
| 
|   ;
|   return 0;
| }
configure:15490: g++ -c -g -O2  conftest.cpp >&5
configure:15490: $? = 0
configure:15525: result: xgcc42 -xgcc
configure:15557: g++ -c -g -O2  conftest.cpp >&5
conftest.cpp:28:3: error: MT not needed
# error MT not needed
  ^
1 error generated.
configure:15557: $? = 1
configure: failed program was:
| /* confdefs.h */
| #define PACKAGE_NAME "ShaderExamples"
| #define PACKAGE_TARNAME "shaderexamples"
| #define PACKAGE_VERSION "0.1"
| #define PACKAGE_STRING "ShaderExamples 0.1"
| #define PACKAGE_BUGREPORT ""
| #define PACKAGE_URL ""
| #define PACKAGE "shaderexamples"
| #define VERSION "0.1"
| #define STDC_HEADERS 1
| #define HAVE_SYS_TYPES_H 1
| #define HAVE_SYS_STAT_H 1
| #define HAVE_STDLIB_H 1
| #define HAVE_STRING_H 1
| #define HAVE_MEMORY_H 1
| #define HAVE_STRINGS_H 1
| #define HAVE_INTTYPES_H 1
| #define HAVE_STDINT_H 1
| #define HAVE_UNISTD_H 1
| #define HAVE_DLFCN_H 1
| #define LT_OBJDIR ".libs/"
| #define HAVE_BOOST 1
| /* end confdefs.h.  */
| 
| #if defined _REENTRANT || defined _MT || defined __MT__
| /* use -mt */
| #else
| # error MT not needed
| #endif
| 
| int
| main ()
| {
| 
|   ;
|   return 0;
| }
configure:15589: checking boost/program_options.hpp usability
configure:15589: g++ -c -g -O2   conftest.cpp >&5
configure:15589: $? = 0
configure:15589: result: yes
configure:15589: checking boost/program_options.hpp presence
configure:15589: g++ -E   conftest.cpp
configure:15589: $? = 0
configure:15589: result: yes
configure:15589: checking for boost/program_options.hpp
configure:15589: result: yes
configure:15609: checking for the Boost program_options library
configure:15651: g++ -c -g -O2   conftest.cpp >&5
configure:15651: $? = 0
configure:15706: re-using the existing conftest.o
configure:15712: g++ -o conftest -g -O2    conftest.o -lboost_program_options-xgcc42-mt-1_56  >&5
ld: library not found for -lboost_program_options-xgcc42-mt-1_56
clang: error: linker command failed with exit code 1 (use -v to see invocation)
configure:15721: $? = 1
configure:15706: re-using the existing conftest.o
configure:15712: g++ -o conftest -g -O2    -L/opt/local/lib conftest.o -lboost_program_options-xgcc42-mt-1_56  >&5
ld: library not found for -lboost_program_options-xgcc42-mt-1_56
clang: error: linker command failed with exit code 1 (use -v to see invocation)
configure:15721: $? = 1
configure:15706: re-using the existing conftest.o
configure:15712: g++ -o conftest -g -O2    -L/opt/local/libexec conftest.o -lboost_program_options-xgcc42-mt-1_56  >&5
ld: library not found for -lboost_program_options-xgcc42-mt-1_56
clang: error: linker command failed with exit code 1 (use -v to see invocation)
configure:15721: $? = 1
configure:15706: re-using the existing conftest.o
configure:15712: g++ -o conftest -g -O2    -L/usr/local/lib conftest.o -lboost_program_options-xgcc42-mt-1_56  >&5
ld: library not found for -lboost_program_options-xgcc42-mt-1_56
clang: error: linker command failed with exit code 1 (use -v to see invocation)
configure:15721: $? = 1
configure:15706: re-using the existing conftest.o
configure:15712: g++ -o conftest -g -O2    -L/usr/lib conftest.o -lboost_program_options-xgcc42-mt-1_56  >&5
ld: library not found for -lboost_program_options-xgcc42-mt-1_56
clang: error: linker command failed with exit code 1 (use -v to see invocation)
configure:15721: $? = 1
configure:15706: re-using the existing conftest.o
configure:15712: g++ -o conftest -g -O2    -L/usr/libexec conftest.o -lboost_program_options-xgcc42-mt-1_56  >&5
ld: library not found for -lboost_program_options-xgcc42-mt-1_56
clang: error: linker command failed with exit code 1 (use -v to see invocation)
configure:15721: $? = 1
configure:15706: re-using the existing conftest.o
configure:15712: g++ -o conftest -g -O2    conftest.o -lboost_program_options-xgcc42-mt-1_56  >&5
ld: library not found for -lboost_program_options-xgcc42-mt-1_56
clang: error: linker command failed with exit code 1 (use -v to see invocation)
configure:15721: $? = 1
configure:15706: re-using the existing conftest.o
configure:15712: g++ -o conftest -g -O2    conftest.o -lboost_program_options-xgcc42-1_56  >&5
ld: library not found for -lboost_program_options-xgcc42-1_56
clang: error: linker command failed with exit code 1 (use -v to see invocation)
configure:15721: $? = 1
configure:15706: re-using the existing conftest.o
configure:15712: g++ -o conftest -g -O2    -L/opt/local/lib conftest.o -lboost_program_options-xgcc42-1_56  >&5
ld: library not found for -lboost_program_options-xgcc42-1_56
clang: error: linker command failed with exit code 1 (use -v to see invocation)
configure:15721: $? = 1
configure:15706: re-using the existing conftest.o
configure:15712: g++ -o conftest -g -O2    -L/opt/local/libexec conftest.o -lboost_program_options-xgcc42-1_56  >&5
ld: library not found for -lboost_program_options-xgcc42-1_56
clang: error: linker command failed with exit code 1 (use -v to see invocation)
configure:15721: $? = 1
configure:15706: re-using the existing conftest.o
configure:15712: g++ -o conftest -g -O2    -L/usr/local/lib conftest.o -lboost_program_options-xgcc42-1_56  >&5
ld: library not found for -lboost_program_options-xgcc42-1_56
clang: error: linker command failed with exit code 1 (use -v to see invocation)
configure:15721: $? = 1
configure:15706: re-using the existing conftest.o
configure:15712: g++ -o conftest -g -O2    -L/usr/lib conftest.o -lboost_program_options-xgcc42-1_56  >&5
ld: library not found for -lboost_program_options-xgcc42-1_56
clang: error: linker command failed with exit code 1 (use -v to see invocation)
configure:15721: $? = 1
configure:15706: re-using the existing conftest.o
configure:15712: g++ -o conftest -g -O2    -L/usr/libexec conftest.o -lboost_program_options-xgcc42-1_56  >&5
ld: library not found for -lboost_program_options-xgcc42-1_56
clang: error: linker command failed with exit code 1 (use -v to see invocation)
configure:15721: $? = 1
configure:15706: re-using the existing conftest.o
configure:15712: g++ -o conftest -g -O2    conftest.o -lboost_program_options-xgcc42-1_56  >&5
ld: library not found for -lboost_program_options-xgcc42-1_56
clang: error: linker command failed with exit code 1 (use -v to see invocation)
configure:15721: $? = 1
configure:15706: re-using the existing conftest.o
configure:15712: g++ -o conftest -g -O2    conftest.o -lboost_program_options-xgcc42-mt-d-1_56  >&5
ld: library not found for -lboost_program_options-xgcc42-mt-d-1_56
clang: error: linker command failed with exit code 1 (use -v to see invocation)
configure:15721: $? = 1
configure:15706: re-using the existing conftest.o
configure:15712: g++ -o conftest -g -O2    -L/opt/local/lib conftest.o -lboost_program_options-xgcc42-mt-d-1_56  >&5
ld: library not found for -lboost_program_options-xgcc42-mt-d-1_56
clang: error: linker command failed with exit code 1 (use -v to see invocation)
configure:15721: $? = 1
configure:15706: re-using the existing conftest.o
configure:15712: g++ -o conftest -g -O2    -L/opt/local/libexec conftest.o -lboost_program_options-xgcc42-mt-d-1_56  >&5
ld: library not found for -lboost_program_options-xgcc42-mt-d-1_56
clang: error: linker command failed with exit code 1 (use -v to see invocation)
configure:15721: $? = 1
configure:15706: re-using the existing conftest.o
configure:15712: g++ -o conftest -g -O2    -L/usr/local/lib conftest.o -lboost_program_options-xgcc42-mt-d-1_56  >&5
ld: library not found for -lboost_program_options-xgcc42-mt-d-1_56
clang: error: linker command failed with exit code 1 (use -v to see invocation)
configure:15721: $? = 1
configure:15706: re-using the existing conftest.o
configure:15712: g++ -o conftest -g -O2    -L/usr/lib conftest.o -lboost_program_options-xgcc42-mt-d-1_56  >&5
ld: library not found for -lboost_program_options-xgcc42-mt-d-1_56
clang: error: linker command failed with exit code 1 (use -v to see invocation)
configure:15721: $? = 1
configure:15706: re-using the existing conftest.o
configure:15712: g++ -o conftest -g -O2    -L/usr/libexec conftest.o -lboost_program_options-xgcc42-mt-d-1_56  >&5
ld: library not found for -lboost_program_options-xgcc42-mt-d-1_56
clang: error: linker command failed with exit code 1 (use -v to see invocation)
configure:15721: $? = 1
configure:15706: re-using the existing conftest.o
configure:15712: g++ -o conftest -g -O2    conftest.o -lboost_program_options-xgcc42-mt-d-1_56  >&5
ld: library not found for -lboost_program_options-xgcc42-mt-d-1_56
clang: error: linker command failed with exit code 1 (use -v to see invocation)
configure:15721: $? = 1
configure:15706: re-using the existing conftest.o
configure:15712: g++ -o conftest -g -O2    conftest.o -lboost_program_options-xgcc42-d-1_56  >&5
ld: library not found for -lboost_program_options-xgcc42-d-1_56
clang: error: linker command failed with exit code 1 (use -v to see invocation)
configure:15721: $? = 1
configure:15706: re-using the existing conftest.o
configure:15712: g++ -o conftest -g -O2    -L/opt/local/lib conftest.o -lboost_program_options-xgcc42-d-1_56  >&5
ld: library not found for -lboost_program_options-xgcc42-d-1_56
clang: error: linker command failed with exit code 1 (use -v to see invocation)
configure:15721: $? = 1
configure:15706: re-using the existing conftest.o
configure:15712: g++ -o conftest -g -O2    -L/opt/local/libexec conftest.o -lboost_program_options-xgcc42-d-1_56  >&5
ld: library not found for -lboost_program_options-xgcc42-d-1_56
clang: error: linker command failed with exit code 1 (use -v to see invocation)
configure:15721: $? = 1
configure:15706: re-using the existing conftest.o
configure:15712: g++ -o conftest -g -O2    -L/usr/local/lib conftest.o -lboost_program_options-xgcc42-d-1_56  >&5
ld: library not found for -lboost_program_options-xgcc42-d-1_56
clang: error: linker command failed with exit code 1 (use -v to see invocation)
configure:15721: $? = 1
configure:15706: re-using the existing conftest.o
configure:15712: g++ -o conftest -g -O2    -L/usr/lib conftest.o -lboost_program_options-xgcc42-d-1_56  >&5
ld: library not found for -lboost_program_options-xgcc42-d-1_56
clang: error: linker command failed with exit code 1 (use -v to see invocation)
configure:15721: $? = 1
configure:15706: re-using the existing conftest.o
configure:15712: g++ -o conftest -g -O2    -L/usr/libexec conftest.o -lboost_program_options-xgcc42-d-1_56  >&5
ld: library not found for -lboost_program_options-xgcc42-d-1_56
clang: error: linker command failed with exit code 1 (use -v to see invocation)
configure:15721: $? = 1
configure:15706: re-using the existing conftest.o
configure:15712: g++ -o conftest -g -O2    conftest.o -lboost_program_options-xgcc42-d-1_56  >&5
ld: library not found for -lboost_program_options-xgcc42-d-1_56
clang: error: linker command failed with exit code 1 (use -v to see invocation)
configure:15721: $? = 1
configure:15706: re-using the existing conftest.o
configure:15712: g++ -o conftest -g -O2    conftest.o -lboost_program_options-xgcc42-mt  >&5
ld: library not found for -lboost_program_options-xgcc42-mt
clang: error: linker command failed with exit code 1 (use -v to see invocation)
configure:15721: $? = 1
configure:15706: re-using the existing conftest.o
configure:15712: g++ -o conftest -g -O2    -L/opt/local/lib conftest.o -lboost_program_options-xgcc42-mt  >&5
ld: library not found for -lboost_program_options-xgcc42-mt
clang: error: linker command failed with exit code 1 (use -v to see invocation)
configure:15721: $? = 1
configure:15706: re-using the existing conftest.o
configure:15712: g++ -o conftest -g -O2    -L/opt/local/libexec conftest.o -lboost_program_options-xgcc42-mt  >&5
ld: library not found for -lboost_program_options-xgcc42-mt
clang: error: linker command failed with exit code 1 (use -v to see invocation)
configure:15721: $? = 1
configure:15706: re-using the existing conftest.o
configure:15712: g++ -o conftest -g -O2    -L/usr/local/lib conftest.o -lboost_program_options-xgcc42-mt  >&5
ld: library not found for -lboost_program_options-xgcc42-mt
clang: error: linker command failed with exit code 1 (use -v to see invocation)
configure:15721: $? = 1
configure:15706: re-using the existing conftest.o
configure:15712: g++ -o conftest -g -O2    -L/usr/lib conftest.o -lboost_program_options-xgcc42-mt  >&5
ld: library not found for -lboost_program_options-xgcc42-mt
clang: error: linker command failed with exit code 1 (use -v to see invocation)
configure:15721: $? = 1
configure:15706: re-using the existing conftest.o
configure:15712: g++ -o conftest -g -O2    -L/usr/libexec conftest.o -lboost_program_options-xgcc42-mt  >&5
ld: library not found for -lboost_program_options-xgcc42-mt
clang: error: linker command failed with exit code 1 (use -v to see invocation)
configure:15721: $? = 1
configure:15706: re-using the existing conftest.o
configure:15712: g++ -o conftest -g -O2    conftest.o -lboost_program_options-xgcc42-mt  >&5
ld: library not found for -lboost_program_options-xgcc42-mt
clang: error: linker command failed with exit code 1 (use -v to see invocation)
configure:15721: $? = 1
configure:15706: re-using the existing conftest.o
configure:15712: g++ -o conftest -g -O2    conftest.o -lboost_program_options-xgcc42  >&5
ld: library not found for -lboost_program_options-xgcc42
clang: error: linker command failed with exit code 1 (use -v to see invocation)
configure:15721: $? = 1
configure:15706: re-using the existing conftest.o
configure:15712: g++ -o conftest -g -O2    -L/opt/local/lib conftest.o -lboost_program_options-xgcc42  >&5
ld: library not found for -lboost_program_options-xgcc42
clang: error: linker command failed with exit code 1 (use -v to see invocation)
configure:15721: $? = 1
configure:15706: re-using the existing conftest.o
configure:15712: g++ -o conftest -g -O2    -L/opt/local/libexec conftest.o -lboost_program_options-xgcc42  >&5
ld: library not found for -lboost_program_options-xgcc42
clang: error: linker command failed with exit code 1 (use -v to see invocation)
configure:15721: $? = 1
configure:15706: re-using the existing conftest.o
configure:15712: g++ -o conftest -g -O2    -L/usr/local/lib conftest.o -lboost_program_options-xgcc42  >&5
ld: library not found for -lboost_program_options-xgcc42
clang: error: linker command failed with exit code 1 (use -v to see invocation)
configure:15721: $? = 1
configure:15706: re-using the existing conftest.o
configure:15712: g++ -o conftest -g -O2    -L/usr/lib conftest.o -lboost_program_options-xgcc42  >&5
ld: library not found for -lboost_program_options-xgcc42
clang: error: linker command failed with exit code 1 (use -v to see invocation)
configure:15721: $? = 1
configure:15706: re-using the existing conftest.o
configure:15712: g++ -o conftest -g -O2    -L/usr/libexec conftest.o -lboost_program_options-xgcc42  >&5
ld: library not found for -lboost_program_options-xgcc42
clang: error: linker command failed with exit code 1 (use -v to see invocation)
configure:15721: $? = 1
configure:15706: re-using the existing conftest.o
configure:15712: g++ -o conftest -g -O2    conftest.o -lboost_program_options-xgcc42  >&5
ld: library not found for -lboost_program_options-xgcc42
clang: error: linker command failed with exit code 1 (use -v to see invocation)
configure:15721: $? = 1
configure:15706: re-using the existing conftest.o
configure:15712: g++ -o conftest -g -O2    conftest.o -lboost_program_options-xgcc42-mt-d  >&5
ld: library not found for -lboost_program_options-xgcc42-mt-d
clang: error: linker command failed with exit code 1 (use -v to see invocation)
configure:15721: $? = 1
configure:15706: re-using the existing conftest.o
configure:15712: g++ -o conftest -g -O2    -L/opt/local/lib conftest.o -lboost_program_options-xgcc42-mt-d  >&5
ld: library not found for -lboost_program_options-xgcc42-mt-d
clang: error: linker command failed with exit code 1 (use -v to see invocation)
configure:15721: $? = 1
configure:15706: re-using the existing conftest.o
configure:15712: g++ -o conftest -g -O2    -L/opt/local/libexec conftest.o -lboost_program_options-xgcc42-mt-d  >&5
ld: library not found for -lboost_program_options-xgcc42-mt-d
clang: error: linker command failed with exit code 1 (use -v to see invocation)
configure:15721: $? = 1
configure:15706: re-using the existing conftest.o
configure:15712: g++ -o conftest -g -O2    -L/usr/local/lib conftest.o -lboost_program_options-xgcc42-mt-d  >&5
ld: library not found for -lboost_program_options-xgcc42-mt-d
clang: error: linker command failed with exit code 1 (use -v to see invocation)
configure:15721: $? = 1
configure:15706: re-using the existing conftest.o
configure:15712: g++ -o conftest -g -O2    -L/usr/lib conftest.o -lboost_program_options-xgcc42-mt-d  >&5
ld: library not found for -lboost_program_options-xgcc42-mt-d
clang: error: linker command failed with exit code 1 (use -v to see invocation)
configure:15721: $? = 1
configure:15706: re-using the existing conftest.o
configure:15712: g++ -o conftest -g -O2    -L/usr/libexec conftest.o -lboost_program_options-xgcc42-mt-d  >&5
ld: library not found for -lboost_program_options-xgcc42-mt-d
clang: error: linker command failed with exit code 1 (use -v to see invocation)
configure:15721: $? = 1
configure:15706: re-using the existing conftest.o
configure:15712: g++ -o conftest -g -O2    conftest.o -lboost_program_options-xgcc42-mt-d  >&5
ld: library not found for -lboost_program_options-xgcc42-mt-d
clang: error: linker command failed with exit code 1 (use -v to see invocation)
configure:15721: $? = 1
configure:15706: re-using the existing conftest.o
configure:15712: g++ -o conftest -g -O2    conftest.o -lboost_program_options-xgcc42-d  >&5
ld: library not found for -lboost_program_options-xgcc42-d
clang: error: linker command failed with exit code 1 (use -v to see invocation)
configure:15721: $? = 1
configure:15706: re-using the existing conftest.o
configure:15712: g++ -o conftest -g -O2    -L/opt/local/lib conftest.o -lboost_program_options-xgcc42-d  >&5
ld: library not found for -lboost_program_options-xgcc42-d
clang: error: linker command failed with exit code 1 (use -v to see invocation)
configure:15721: $? = 1
configure:15706: re-using the existing conftest.o
configure:15712: g++ -o conftest -g -O2    -L/opt/local/libexec conftest.o -lboost_program_options-xgcc42-d  >&5
ld: library not found for -lboost_program_options-xgcc42-d
clang: error: linker command failed with exit code 1 (use -v to see invocation)
configure:15721: $? = 1
configure:15706: re-using the existing conftest.o
configure:15712: g++ -o conftest -g -O2    -L/usr/local/lib conftest.o -lboost_program_options-xgcc42-d  >&5
ld: library not found for -lboost_program_options-xgcc42-d
clang: error: linker command failed with exit code 1 (use -v to see invocation)
configure:15721: $? = 1
configure:15706: re-using the existing conftest.o
configure:15712: g++ -o conftest -g -O2    -L/usr/lib conftest.o -lboost_program_options-xgcc42-d  >&5
ld: library not found for -lboost_program_options-xgcc42-d
clang: error: linker command failed with exit code 1 (use -v to see invocation)
configure:15721: $? = 1
configure:15706: re-using the existing conftest.o
configure:15712: g++ -o conftest -g -O2    -L/usr/libexec conftest.o -lboost_program_options-xgcc42-d  >&5
ld: library not found for -lboost_program_options-xgcc42-d
clang: error: linker command failed with exit code 1 (use -v to see invocation)
configure:15721: $? = 1
configure:15706: re-using the existing conftest.o
configure:15712: g++ -o conftest -g -O2    conftest.o -lboost_program_options-xgcc42-d  >&5
ld: library not found for -lboost_program_options-xgcc42-d
clang: error: linker command failed with exit code 1 (use -v to see invocation)
configure:15721: $? = 1
configure:15706: re-using the existing conftest.o
configure:15712: g++ -o conftest -g -O2    conftest.o -lboost_program_options-xgcc-mt-1_56  >&5
ld: library not found for -lboost_program_options-xgcc-mt-1_56
clang: error: linker command failed with exit code 1 (use -v to see invocation)
configure:15721: $? = 1
configure:15706: re-using the existing conftest.o
configure:15712: g++ -o conftest -g -O2    -L/opt/local/lib conftest.o -lboost_program_options-xgcc-mt-1_56  >&5
ld: library not found for -lboost_program_options-xgcc-mt-1_56
clang: error: linker command failed with exit code 1 (use -v to see invocation)
configure:15721: $? = 1
configure:15706: re-using the existing conftest.o
configure:15712: g++ -o conftest -g -O2    -L/opt/local/libexec conftest.o -lboost_program_options-xgcc-mt-1_56  >&5
ld: library not found for -lboost_program_options-xgcc-mt-1_56
clang: error: linker command failed with exit code 1 (use -v to see invocation)
configure:15721: $? = 1
configure:15706: re-using the existing conftest.o
configure:15712: g++ -o conftest -g -O2    -L/usr/local/lib conftest.o -lboost_program_options-xgcc-mt-1_56  >&5
ld: library not found for -lboost_program_options-xgcc-mt-1_56
clang: error: linker command failed with exit code 1 (use -v to see invocation)
configure:15721: $? = 1
configure:15706: re-using the existing conftest.o
configure:15712: g++ -o conftest -g -O2    -L/usr/lib conftest.o -lboost_program_options-xgcc-mt-1_56  >&5
ld: library not found for -lboost_program_options-xgcc-mt-1_56
clang: error: linker command failed with exit code 1 (use -v to see invocation)
configure:15721: $? = 1
configure:15706: re-using the existing conftest.o
configure:15712: g++ -o conftest -g -O2    -L/usr/libexec conftest.o -lboost_program_options-xgcc-mt-1_56  >&5
ld: library not found for -lboost_program_options-xgcc-mt-1_56
clang: error: linker command failed with exit code 1 (use -v to see invocation)
configure:15721: $? = 1
configure:15706: re-using the existing conftest.o
configure:15712: g++ -o conftest -g -O2    conftest.o -lboost_program_options-xgcc-mt-1_56  >&5
ld: library not found for -lboost_program_options-xgcc-mt-1_56
clang: error: linker command failed with exit code 1 (use -v to see invocation)
configure:15721: $? = 1
configure:15706: re-using the existing conftest.o
configure:15712: g++ -o conftest -g -O2    conftest.o -lboost_program_options-xgcc-1_56  >&5
ld: library not found for -lboost_program_options-xgcc-1_56
clang: error: linker command failed with exit code 1 (use -v to see invocation)
configure:15721: $? = 1
configure:15706: re-using the existing conftest.o
configure:15712: g++ -o conftest -g -O2    -L/opt/local/lib conftest.o -lboost_program_options-xgcc-1_56  >&5
ld: library not found for -lboost_program_options-xgcc-1_56
clang: error: linker command failed with exit code 1 (use -v to see invocation)
configure:15721: $? = 1
configure:15706: re-using the existing conftest.o
configure:15712: g++ -o conftest -g -O2    -L/opt/local/libexec conftest.o -lboost_program_options-xgcc-1_56  >&5
ld: library not found for -lboost_program_options-xgcc-1_56
clang: error: linker command failed with exit code 1 (use -v to see invocation)
configure:15721: $? = 1
configure:15706: re-using the existing conftest.o
configure:15712: g++ -o conftest -g -O2    -L/usr/local/lib conftest.o -lboost_program_options-xgcc-1_56  >&5
ld: library not found for -lboost_program_options-xgcc-1_56
clang: error: linker command failed with exit code 1 (use -v to see invocation)
configure:15721: $? = 1
configure:15706: re-using the existing conftest.o
configure:15712: g++ -o conftest -g -O2    -L/usr/lib conftest.o -lboost_program_options-xgcc-1_56  >&5
ld: library not found for -lboost_program_options-xgcc-1_56
clang: error: linker command failed with exit code 1 (use -v to see invocation)
configure:15721: $? = 1
configure:15706: re-using the existing conftest.o
configure:15712: g++ -o conftest -g -O2    -L/usr/libexec conftest.o -lboost_program_options-xgcc-1_56  >&5
ld: library not found for -lboost_program_options-xgcc-1_56
clang: error: linker command failed with exit code 1 (use -v to see invocation)
configure:15721: $? = 1
configure:15706: re-using the existing conftest.o
configure:15712: g++ -o conftest -g -O2    conftest.o -lboost_program_options-xgcc-1_56  >&5
ld: library not found for -lboost_program_options-xgcc-1_56
clang: error: linker command failed with exit code 1 (use -v to see invocation)
configure:15721: $? = 1
configure:15706: re-using the existing conftest.o
configure:15712: g++ -o conftest -g -O2    conftest.o -lboost_program_options-xgcc-mt-d-1_56  >&5
ld: library not found for -lboost_program_options-xgcc-mt-d-1_56
clang: error: linker command failed with exit code 1 (use -v to see invocation)
configure:15721: $? = 1
configure:15706: re-using the existing conftest.o
configure:15712: g++ -o conftest -g -O2    -L/opt/local/lib conftest.o -lboost_program_options-xgcc-mt-d-1_56  >&5
ld: library not found for -lboost_program_options-xgcc-mt-d-1_56
clang: error: linker command failed with exit code 1 (use -v to see invocation)
configure:15721: $? = 1
configure:15706: re-using the existing conftest.o
configure:15712: g++ -o conftest -g -O2    -L/opt/local/libexec conftest.o -lboost_program_options-xgcc-mt-d-1_56  >&5
ld: library not found for -lboost_program_options-xgcc-mt-d-1_56
clang: error: linker command failed with exit code 1 (use -v to see invocation)
configure:15721: $? = 1
configure:15706: re-using the existing conftest.o
configure:15712: g++ -o conftest -g -O2    -L/usr/local/lib conftest.o -lboost_program_options-xgcc-mt-d-1_56  >&5
ld: library not found for -lboost_program_options-xgcc-mt-d-1_56
clang: error: linker command failed with exit code 1 (use -v to see invocation)
configure:15721: $? = 1
configure:15706: re-using the existing conftest.o
configure:15712: g++ -o conftest -g -O2    -L/usr/lib conftest.o -lboost_program_options-xgcc-mt-d-1_56  >&5
ld: library not found for -lboost_program_options-xgcc-mt-d-1_56
clang: error: linker command failed with exit code 1 (use -v to see invocation)
configure:15721: $? = 1
configure:15706: re-using the existing conftest.o
configure:15712: g++ -o conftest -g -O2    -L/usr/libexec conftest.o -lboost_program_options-xgcc-mt-d-1_56  >&5
ld: library not found for -lboost_program_options-xgcc-mt-d-1_56
clang: error: linker command failed with exit code 1 (use -v to see invocation)
configure:15721: $? = 1
configure:15706: re-using the existing conftest.o
configure:15712: g++ -o conftest -g -O2    conftest.o -lboost_program_options-xgcc-mt-d-1_56  >&5
ld: library not found for -lboost_program_options-xgcc-mt-d-1_56
clang: error: linker command failed with exit code 1 (use -v to see invocation)
configure:15721: $? = 1
configure:15706: re-using the existing conftest.o
configure:15712: g++ -o conftest -g -O2    conftest.o -lboost_program_options-xgcc-d-1_56  >&5
ld: library not found for -lboost_program_options-xgcc-d-1_56
clang: error: linker command failed with exit code 1 (use -v to see invocation)
configure:15721: $? = 1
configure:15706: re-using the existing conftest.o
configure:15712: g++ -o conftest -g -O2    -L/opt/local/lib conftest.o -lboost_program_options-xgcc-d-1_56  >&5
ld: library not found for -lboost_program_options-xgcc-d-1_56
clang: error: linker command failed with exit code 1 (use -v to see invocation)
configure:15721: $? = 1
configure:15706: re-using the existing conftest.o
configure:15712: g++ -o conftest -g -O2    -L/opt/local/libexec conftest.o -lboost_program_options-xgcc-d-1_56  >&5
ld: library not found for -lboost_program_options-xgcc-d-1_56
clang: error: linker command failed with exit code 1 (use -v to see invocation)
configure:15721: $? = 1
configure:15706: re-using the existing conftest.o
configure:15712: g++ -o conftest -g -O2    -L/usr/local/lib conftest.o -lboost_program_options-xgcc-d-1_56  >&5
ld: library not found for -lboost_program_options-xgcc-d-1_56
clang: error: linker command failed with exit code 1 (use -v to see invocation)
configure:15721: $? = 1
configure:15706: re-using the existing conftest.o
configure:15712: g++ -o conftest -g -O2    -L/usr/lib conftest.o -lboost_program_options-xgcc-d-1_56  >&5
ld: library not found for -lboost_program_options-xgcc-d-1_56
clang: error: linker command failed with exit code 1 (use -v to see invocation)
configure:15721: $? = 1
configure:15706: re-using the existing conftest.o
configure:15712: g++ -o conftest -g -O2    -L/usr/libexec conftest.o -lboost_program_options-xgcc-d-1_56  >&5
ld: library not found for -lboost_program_options-xgcc-d-1_56
clang: error: linker command failed with exit code 1 (use -v to see invocation)
configure:15721: $? = 1
configure:15706: re-using the existing conftest.o
configure:15712: g++ -o conftest -g -O2    conftest.o -lboost_program_options-xgcc-d-1_56  >&5
ld: library not found for -lboost_program_options-xgcc-d-1_56
clang: error: linker command failed with exit code 1 (use -v to see invocation)
configure:15721: $? = 1
configure:15706: re-using the existing conftest.o
configure:15712: g++ -o conftest -g -O2    conftest.o -lboost_program_options-xgcc-mt  >&5
ld: library not found for -lboost_program_options-xgcc-mt
clang: error: linker command failed with exit code 1 (use -v to see invocation)
configure:15721: $? = 1
configure:15706: re-using the existing conftest.o
configure:15712: g++ -o conftest -g -O2    -L/opt/local/lib conftest.o -lboost_program_options-xgcc-mt  >&5
ld: library not found for -lboost_program_options-xgcc-mt
clang: error: linker command failed with exit code 1 (use -v to see invocation)
configure:15721: $? = 1
configure:15706: re-using the existing conftest.o
configure:15712: g++ -o conftest -g -O2    -L/opt/local/libexec conftest.o -lboost_program_options-xgcc-mt  >&5
ld: library not found for -lboost_program_options-xgcc-mt
clang: error: linker command failed with exit code 1 (use -v to see invocation)
configure:15721: $? = 1
configure:15706: re-using the existing conftest.o
configure:15712: g++ -o conftest -g -O2    -L/usr/local/lib conftest.o -lboost_program_options-xgcc-mt  >&5
ld: library not found for -lboost_program_options-xgcc-mt
clang: error: linker command failed with exit code 1 (use -v to see invocation)
configure:15721: $? = 1
configure:15706: re-using the existing conftest.o
configure:15712: g++ -o conftest -g -O2    -L/usr/lib conftest.o -lboost_program_options-xgcc-mt  >&5
ld: library not found for -lboost_program_options-xgcc-mt
clang: error: linker command failed with exit code 1 (use -v to see invocation)
configure:15721: $? = 1
configure:15706: re-using the existing conftest.o
configure:15712: g++ -o conftest -g -O2    -L/usr/libexec conftest.o -lboost_program_options-xgcc-mt  >&5
ld: library not found for -lboost_program_options-xgcc-mt
clang: error: linker command failed with exit code 1 (use -v to see invocation)
configure:15721: $? = 1
configure:15706: re-using the existing conftest.o
configure:15712: g++ -o conftest -g -O2    conftest.o -lboost_program_options-xgcc-mt  >&5
ld: library not found for -lboost_program_options-xgcc-mt
clang: error: linker command failed with exit code 1 (use -v to see invocation)
configure:15721: $? = 1
configure:15706: re-using the existing conftest.o
configure:15712: g++ -o conftest -g -O2    conftest.o -lboost_program_options-xgcc  >&5
ld: library not found for -lboost_program_options-xgcc
clang: error: linker command failed with exit code 1 (use -v to see invocation)
configure:15721: $? = 1
configure:15706: re-using the existing conftest.o
configure:15712: g++ -o conftest -g -O2    -L/opt/local/lib conftest.o -lboost_program_options-xgcc  >&5
ld: library not found for -lboost_program_options-xgcc
clang: error: linker command failed with exit code 1 (use -v to see invocation)
configure:15721: $? = 1
configure:15706: re-using the existing conftest.o
configure:15712: g++ -o conftest -g -O2    -L/opt/local/libexec conftest.o -lboost_program_options-xgcc  >&5
ld: library not found for -lboost_program_options-xgcc
clang: error: linker command failed with exit code 1 (use -v to see invocation)
configure:15721: $? = 1
configure:15706: re-using the existing conftest.o
configure:15712: g++ -o conftest -g -O2    -L/usr/local/lib conftest.o -lboost_program_options-xgcc  >&5
ld: library not found for -lboost_program_options-xgcc
clang: error: linker command failed with exit code 1 (use -v to see invocation)
configure:15721: $? = 1
configure:15706: re-using the existing conftest.o
configure:15712: g++ -o conftest -g -O2    -L/usr/lib conftest.o -lboost_program_options-xgcc  >&5
ld: library not found for -lboost_program_options-xgcc
clang: error: linker command failed with exit code 1 (use -v to see invocation)
configure:15721: $? = 1
configure:15706: re-using the existing conftest.o
configure:15712: g++ -o conftest -g -O2    -L/usr/libexec conftest.o -lboost_program_options-xgcc  >&5
ld: library not found for -lboost_program_options-xgcc
clang: error: linker command failed with exit code 1 (use -v to see invocation)
configure:15721: $? = 1
configure:15706: re-using the existing conftest.o
configure:15712: g++ -o conftest -g -O2    conftest.o -lboost_program_options-xgcc  >&5
ld: library not found for -lboost_program_options-xgcc
clang: error: linker command failed with exit code 1 (use -v to see invocation)
configure:15721: $? = 1
configure:15706: re-using the existing conftest.o
configure:15712: g++ -o conftest -g -O2    conftest.o -lboost_program_options-xgcc-mt-d  >&5
ld: library not found for -lboost_program_options-xgcc-mt-d
clang: error: linker command failed with exit code 1 (use -v to see invocation)
configure:15721: $? = 1
configure:15706: re-using the existing conftest.o
configure:15712: g++ -o conftest -g -O2    -L/opt/local/lib conftest.o -lboost_program_options-xgcc-mt-d  >&5
ld: library not found for -lboost_program_options-xgcc-mt-d
clang: error: linker command failed with exit code 1 (use -v to see invocation)
configure:15721: $? = 1
configure:15706: re-using the existing conftest.o
configure:15712: g++ -o conftest -g -O2    -L/opt/local/libexec conftest.o -lboost_program_options-xgcc-mt-d  >&5
ld: library not found for -lboost_program_options-xgcc-mt-d
clang: error: linker command failed with exit code 1 (use -v to see invocation)
configure:15721: $? = 1
configure:15706: re-using the existing conftest.o
configure:15712: g++ -o conftest -g -O2    -L/usr/local/lib conftest.o -lboost_program_options-xgcc-mt-d  >&5
ld: library not found for -lboost_program_options-xgcc-mt-d
clang: error: linker command failed with exit code 1 (use -v to see invocation)
configure:15721: $? = 1
configure:15706: re-using the existing conftest.o
configure:15712: g++ -o conftest -g -O2    -L/usr/lib conftest.o -lboost_program_options-xgcc-mt-d  >&5
ld: library not found for -lboost_program_options-xgcc-mt-d
clang: error: linker command failed with exit code 1 (use -v to see invocation)
configure:15721: $? = 1
configure:15706: re-using the existing conftest.o
configure:15712: g++ -o conftest -g -O2    -L/usr/libexec conftest.o -lboost_program_options-xgcc-mt-d  >&5
ld: library not found for -lboost_program_options-xgcc-mt-d
clang: error: linker command failed with exit code 1 (use -v to see invocation)
configure:15721: $? = 1
configure:15706: re-using the existing conftest.o
configure:15712: g++ -o conftest -g -O2    conftest.o -lboost_program_options-xgcc-mt-d  >&5
ld: library not found for -lboost_program_options-xgcc-mt-d
clang: error: linker command failed with exit code 1 (use -v to see invocation)
configure:15721: $? = 1
configure:15706: re-using the existing conftest.o
configure:15712: g++ -o conftest -g -O2    conftest.o -lboost_program_options-xgcc-d  >&5
ld: library not found for -lboost_program_options-xgcc-d
clang: error: linker command failed with exit code 1 (use -v to see invocation)
configure:15721: $? = 1
configure:15706: re-using the existing conftest.o
configure:15712: g++ -o conftest -g -O2    -L/opt/local/lib conftest.o -lboost_program_options-xgcc-d  >&5
ld: library not found for -lboost_program_options-xgcc-d
clang: error: linker command failed with exit code 1 (use -v to see invocation)
configure:15721: $? = 1
configure:15706: re-using the existing conftest.o
configure:15712: g++ -o conftest -g -O2    -L/opt/local/libexec conftest.o -lboost_program_options-xgcc-d  >&5
ld: library not found for -lboost_program_options-xgcc-d
clang: error: linker command failed with exit code 1 (use -v to see invocation)
configure:15721: $? = 1
configure:15706: re-using the existing conftest.o
configure:15712: g++ -o conftest -g -O2    -L/usr/local/lib conftest.o -lboost_program_options-xgcc-d  >&5
ld: library not found for -lboost_program_options-xgcc-d
clang: error: linker command failed with exit code 1 (use -v to see invocation)
configure:15721: $? = 1
configure:15706: re-using the existing conftest.o
configure:15712: g++ -o conftest -g -O2    -L/usr/lib conftest.o -lboost_program_options-xgcc-d  >&5
ld: library not found for -lboost_program_options-xgcc-d
clang: error: linker command failed with exit code 1 (use -v to see invocation)
configure:15721: $? = 1
configure:15706: re-using the existing conftest.o
configure:15712: g++ -o conftest -g -O2    -L/usr/libexec conftest.o -lboost_program_options-xgcc-d  >&5
ld: library not found for -lboost_program_options-xgcc-d
clang: error: linker command failed with exit code 1 (use -v to see invocation)
configure:15721: $? = 1
configure:15706: re-using the existing conftest.o
configure:15712: g++ -o conftest -g -O2    conftest.o -lboost_program_options-xgcc-d  >&5
ld: library not found for -lboost_program_options-xgcc-d
clang: error: linker command failed with exit code 1 (use -v to see invocation)
configure:15721: $? = 1
configure:15706: re-using the existing conftest.o
configure:15712: g++ -o conftest -g -O2    conftest.o -lboost_program_options-mt-1_56  >&5
ld: library not found for -lboost_program_options-mt-1_56
clang: error: linker command failed with exit code 1 (use -v to see invocation)
configure:15721: $? = 1
configure:15706: re-using the existing conftest.o
configure:15712: g++ -o conftest -g -O2    -L/opt/local/lib conftest.o -lboost_program_options-mt-1_56  >&5
ld: library not found for -lboost_program_options-mt-1_56
clang: error: linker command failed with exit code 1 (use -v to see invocation)
configure:15721: $? = 1
configure:15706: re-using the existing conftest.o
configure:15712: g++ -o conftest -g -O2    -L/opt/local/libexec conftest.o -lboost_program_options-mt-1_56  >&5
ld: library not found for -lboost_program_options-mt-1_56
clang: error: linker command failed with exit code 1 (use -v to see invocation)
configure:15721: $? = 1
configure:15706: re-using the existing conftest.o
configure:15712: g++ -o conftest -g -O2    -L/usr/local/lib conftest.o -lboost_program_options-mt-1_56  >&5
ld: library not found for -lboost_program_options-mt-1_56
clang: error: linker command failed with exit code 1 (use -v to see invocation)
configure:15721: $? = 1
configure:15706: re-using the existing conftest.o
configure:15712: g++ -o conftest -g -O2    -L/usr/lib conftest.o -lboost_program_options-mt-1_56  >&5
ld: library not found for -lboost_program_options-mt-1_56
clang: error: linker command failed with exit code 1 (use -v to see invocation)
configure:15721: $? = 1
configure:15706: re-using the existing conftest.o
configure:15712: g++ -o conftest -g -O2    -L/usr/libexec conftest.o -lboost_program_options-mt-1_56  >&5
ld: library not found for -lboost_program_options-mt-1_56
clang: error: linker command failed with exit code 1 (use -v to see invocation)
configure:15721: $? = 1
configure:15706: re-using the existing conftest.o
configure:15712: g++ -o conftest -g -O2    conftest.o -lboost_program_options-mt-1_56  >&5
ld: library not found for -lboost_program_options-mt-1_56
clang: error: linker command failed with exit code 1 (use -v to see invocation)
configure:15721: $? = 1
configure:15706: re-using the existing conftest.o
configure:15712: g++ -o conftest -g -O2    conftest.o -lboost_program_options-1_56  >&5
ld: library not found for -lboost_program_options-1_56
clang: error: linker command failed with exit code 1 (use -v to see invocation)
configure:15721: $? = 1
configure:15706: re-using the existing conftest.o
configure:15712: g++ -o conftest -g -O2    -L/opt/local/lib conftest.o -lboost_program_options-1_56  >&5
ld: library not found for -lboost_program_options-1_56
clang: error: linker command failed with exit code 1 (use -v to see invocation)
configure:15721: $? = 1
configure:15706: re-using the existing conftest.o
configure:15712: g++ -o conftest -g -O2    -L/opt/local/libexec conftest.o -lboost_program_options-1_56  >&5
ld: library not found for -lboost_program_options-1_56
clang: error: linker command failed with exit code 1 (use -v to see invocation)
configure:15721: $? = 1
configure:15706: re-using the existing conftest.o
configure:15712: g++ -o conftest -g -O2    -L/usr/local/lib conftest.o -lboost_program_options-1_56  >&5
ld: library not found for -lboost_program_options-1_56
clang: error: linker command failed with exit code 1 (use -v to see invocation)
configure:15721: $? = 1
configure:15706: re-using the existing conftest.o
configure:15712: g++ -o conftest -g -O2    -L/usr/lib conftest.o -lboost_program_options-1_56  >&5
ld: library not found for -lboost_program_options-1_56
clang: error: linker command failed with exit code 1 (use -v to see invocation)
configure:15721: $? = 1
configure:15706: re-using the existing conftest.o
configure:15712: g++ -o conftest -g -O2    -L/usr/libexec conftest.o -lboost_program_options-1_56  >&5
ld: library not found for -lboost_program_options-1_56
clang: error: linker command failed with exit code 1 (use -v to see invocation)
configure:15721: $? = 1
configure:15706: re-using the existing conftest.o
configure:15712: g++ -o conftest -g -O2    conftest.o -lboost_program_options-1_56  >&5
ld: library not found for -lboost_program_options-1_56
clang: error: linker command failed with exit code 1 (use -v to see invocation)
configure:15721: $? = 1
configure:15706: re-using the existing conftest.o
configure:15712: g++ -o conftest -g -O2    conftest.o -lboost_program_options-mt-d-1_56  >&5
ld: library not found for -lboost_program_options-mt-d-1_56
clang: error: linker command failed with exit code 1 (use -v to see invocation)
configure:15721: $? = 1
configure:15706: re-using the existing conftest.o
configure:15712: g++ -o conftest -g -O2    -L/opt/local/lib conftest.o -lboost_program_options-mt-d-1_56  >&5
ld: library not found for -lboost_program_options-mt-d-1_56
clang: error: linker command failed with exit code 1 (use -v to see invocation)
configure:15721: $? = 1
configure:15706: re-using the existing conftest.o
configure:15712: g++ -o conftest -g -O2    -L/opt/local/libexec conftest.o -lboost_program_options-mt-d-1_56  >&5
ld: library not found for -lboost_program_options-mt-d-1_56
clang: error: linker command failed with exit code 1 (use -v to see invocation)
configure:15721: $? = 1
configure:15706: re-using the existing conftest.o
configure:15712: g++ -o conftest -g -O2    -L/usr/local/lib conftest.o -lboost_program_options-mt-d-1_56  >&5
ld: library not found for -lboost_program_options-mt-d-1_56
clang: error: linker command failed with exit code 1 (use -v to see invocation)
configure:15721: $? = 1
configure:15706: re-using the existing conftest.o
configure:15712: g++ -o conftest -g -O2    -L/usr/lib conftest.o -lboost_program_options-mt-d-1_56  >&5
ld: library not found for -lboost_program_options-mt-d-1_56
clang: error: linker command failed with exit code 1 (use -v to see invocation)
configure:15721: $? = 1
configure:15706: re-using the existing conftest.o
configure:15712: g++ -o conftest -g -O2    -L/usr/libexec conftest.o -lboost_program_options-mt-d-1_56  >&5
ld: library not found for -lboost_program_options-mt-d-1_56
clang: error: linker command failed with exit code 1 (use -v to see invocation)
configure:15721: $? = 1
configure:15706: re-using the existing conftest.o
configure:15712: g++ -o conftest -g -O2    conftest.o -lboost_program_options-mt-d-1_56  >&5
ld: library not found for -lboost_program_options-mt-d-1_56
clang: error: linker command failed with exit code 1 (use -v to see invocation)
configure:15721: $? = 1
configure:15706: re-using the existing conftest.o
configure:15712: g++ -o conftest -g -O2    conftest.o -lboost_program_options-d-1_56  >&5
ld: library not found for -lboost_program_options-d-1_56
clang: error: linker command failed with exit code 1 (use -v to see invocation)
configure:15721: $? = 1
configure:15706: re-using the existing conftest.o
configure:15712: g++ -o conftest -g -O2    -L/opt/local/lib conftest.o -lboost_program_options-d-1_56  >&5
ld: library not found for -lboost_program_options-d-1_56
clang: error: linker command failed with exit code 1 (use -v to see invocation)
configure:15721: $? = 1
configure:15706: re-using the existing conftest.o
configure:15712: g++ -o conftest -g -O2    -L/opt/local/libexec conftest.o -lboost_program_options-d-1_56  >&5
ld: library not found for -lboost_program_options-d-1_56
clang: error: linker command failed with exit code 1 (use -v to see invocation)
configure:15721: $? = 1
configure:15706: re-using the existing conftest.o
configure:15712: g++ -o conftest -g -O2    -L/usr/local/lib conftest.o -lboost_program_options-d-1_56  >&5
ld: library not found for -lboost_program_options-d-1_56
clang: error: linker command failed with exit code 1 (use -v to see invocation)
configure:15721: $? = 1
configure:15706: re-using the existing conftest.o
configure:15712: g++ -o conftest -g -O2    -L/usr/lib conftest.o -lboost_program_options-d-1_56  >&5
ld: library not found for -lboost_program_options-d-1_56
clang: error: linker command failed with exit code 1 (use -v to see invocation)
configure:15721: $? = 1
configure:15706: re-using the existing conftest.o
configure:15712: g++ -o conftest -g -O2    -L/usr/libexec conftest.o -lboost_program_options-d-1_56  >&5
ld: library not found for -lboost_program_options-d-1_56
clang: error: linker command failed with exit code 1 (use -v to see invocation)
configure:15721: $? = 1
configure:15706: re-using the existing conftest.o
configure:15712: g++ -o conftest -g -O2    conftest.o -lboost_program_options-d-1_56  >&5
ld: library not found for -lboost_program_options-d-1_56
clang: error: linker command failed with exit code 1 (use -v to see invocation)
configure:15721: $? = 1
configure:15706: re-using the existing conftest.o
configure:15712: g++ -o conftest -g -O2    conftest.o -lboost_program_options-mt  >&5
configure:15721: $? = 0
configure:15832: result: yes
configure:15857: checking glm/glm.hpp usability
configure:15857: g++ -c -g -O2  conftest.cpp >&5
configure:15857: $? = 0
configure:15857: result: yes
configure:15857: checking glm/glm.hpp presence
configure:15857: g++ -E  conftest.cpp
configure:15857: $? = 0
configure:15857: result: yes
configure:15857: checking for glm/glm.hpp
configure:15857: result: yes
configure:15921: checking for pkg-config
configure:15939: found /opt/local/bin/pkg-config
configure:15951: result: /opt/local/bin/pkg-config
configure:15976: checking pkg-config is at least version 0.9.0
configure:15979: result: yes
configure:15989: checking for gl
configure:15996: $PKG_CONFIG --exists --print-errors "gl"
Package gl was not found in the pkg-config search path.
Perhaps you should add the directory containing `gl.pc'
to the PKG_CONFIG_PATH environment variable
No package 'gl' found
configure:15999: $? = 1
configure:16013: $PKG_CONFIG --exists --print-errors "gl"
Package gl was not found in the pkg-config search path.
Perhaps you should add the directory containing `gl.pc'
to the PKG_CONFIG_PATH environment variable
No package 'gl' found
configure:16016: $? = 1
configure:16030: result: no
No package 'gl' found
configure:16046: error: Package requirements (gl) were not met:

No package 'gl' found

Consider adjusting the PKG_CONFIG_PATH environment variable if you
installed software in a non-standard prefix.

Alternatively, you may set the environment variables gl_CFLAGS
and gl_LIBS to avoid the need to call pkg-config.
See the pkg-config man page for more details.

## ---------------- ##
## Cache variables. ##
## ---------------- ##

ac_cv_build=x86_64-apple-darwin14.1.0
ac_cv_c_compiler_gnu=yes
ac_cv_cxx_compiler_gnu=yes
ac_cv_env_BOOST_ROOT_set=
ac_cv_env_BOOST_ROOT_value=
ac_cv_env_CCC_set=
ac_cv_env_CCC_value=
ac_cv_env_CC_set=
ac_cv_env_CC_value=
ac_cv_env_CFLAGS_set=
ac_cv_env_CFLAGS_value=
ac_cv_env_CPPFLAGS_set=
ac_cv_env_CPPFLAGS_value=
ac_cv_env_CPP_set=
ac_cv_env_CPP_value=
ac_cv_env_CXXCPP_set=
ac_cv_env_CXXCPP_value=
ac_cv_env_CXXFLAGS_set=
ac_cv_env_CXXFLAGS_value=
ac_cv_env_CXX_set=
ac_cv_env_CXX_value=
ac_cv_env_LDFLAGS_set=
ac_cv_env_LDFLAGS_value=
ac_cv_env_LIBS_set=
ac_cv_env_LIBS_value=
ac_cv_env_PKG_CONFIG_LIBDIR_set=
ac_cv_env_PKG_CONFIG_LIBDIR_value=
ac_cv_env_PKG_CONFIG_PATH_set=
ac_cv_env_PKG_CONFIG_PATH_value=
ac_cv_env_PKG_CONFIG_set=
ac_cv_env_PKG_CONFIG_value=
ac_cv_env_build_alias_set=
ac_cv_env_build_alias_value=
ac_cv_env_gl_CFLAGS_set=
ac_cv_env_gl_CFLAGS_value=
ac_cv_env_gl_LIBS_set=
ac_cv_env_gl_LIBS_value=
ac_cv_env_glew_CFLAGS_set=
ac_cv_env_glew_CFLAGS_value=
ac_cv_env_glew_LIBS_set=
ac_cv_env_glew_LIBS_value=
ac_cv_env_host_alias_set=
ac_cv_env_host_alias_value=
ac_cv_env_sdl2_CFLAGS_set=
ac_cv_env_sdl2_CFLAGS_value=
ac_cv_env_sdl2_LIBS_set=
ac_cv_env_sdl2_LIBS_value=
ac_cv_env_target_alias_set=
ac_cv_env_target_alias_value=
ac_cv_header_boost_program_options_hpp=yes
ac_cv_header_dlfcn_h=yes
ac_cv_header_glm_glm_hpp=yes
ac_cv_header_inttypes_h=yes
ac_cv_header_memory_h=yes
ac_cv_header_stdc=yes
ac_cv_header_stdint_h=yes
ac_cv_header_stdlib_h=yes
ac_cv_header_string_h=yes
ac_cv_header_strings_h=yes
ac_cv_header_sys_stat_h=yes
ac_cv_header_sys_types_h=yes
ac_cv_header_unistd_h=yes
ac_cv_host=x86_64-apple-darwin14.1.0
ac_cv_objext=o
ac_cv_path_EGREP='/usr/bin/grep -E'
ac_cv_path_FGREP='/usr/bin/grep -F'
ac_cv_path_GREP=/usr/bin/grep
ac_cv_path_SED=/usr/bin/sed
ac_cv_path_ac_pt_PKG_CONFIG=/opt/local/bin/pkg-config
ac_cv_path_install='/usr/bin/install -c'
ac_cv_prog_AWK=awk
ac_cv_prog_CPP='gcc -E'
ac_cv_prog_CXXCPP='g++ -E'
ac_cv_prog_ac_ct_AR=ar
ac_cv_prog_ac_ct_CC=gcc
ac_cv_prog_ac_ct_CXX=g++
ac_cv_prog_ac_ct_DSYMUTIL=dsymutil
ac_cv_prog_ac_ct_LIPO=lipo
ac_cv_prog_ac_ct_NMEDIT=nmedit
ac_cv_prog_ac_ct_OTOOL=otool
ac_cv_prog_ac_ct_RANLIB=ranlib
ac_cv_prog_ac_ct_STRIP=strip
ac_cv_prog_cc_c89=
ac_cv_prog_cc_g=yes
ac_cv_prog_cxx_g=yes
ac_cv_prog_make_make_set=yes
am_cv_CC_dependencies_compiler_type=gcc3
am_cv_CXX_dependencies_compiler_type=gcc3
am_cv_make_support_nested_variables=yes
am_cv_prog_cc_c_o=yes
boost_cv_inc_path=yes
boost_cv_lib_program_options=yes
boost_cv_lib_program_options_LDPATH=
boost_cv_lib_program_options_LIBS=-lboost_program_options-mt
boost_cv_lib_tag='xgcc42 -xgcc'
boost_cv_lib_version=1_56
boost_cv_rpath_link_ldflag=
lt_cv_apple_cc_single_mod=yes
lt_cv_ar_at_file=no
lt_cv_deplibs_check_method=pass_all
lt_cv_file_magic_cmd='$MAGIC_CMD'
lt_cv_file_magic_test_file=
lt_cv_ld_exported_symbols_list=yes
lt_cv_ld_force_load=yes
lt_cv_ld_reload_flag=-r
lt_cv_nm_interface='BSD nm'
lt_cv_objdir=.libs
lt_cv_path_LD=/Applications/Xcode.app/Contents/Developer/Toolchains/XcodeDefault.xctoolchain/usr/bin/ld
lt_cv_path_LDCXX=/Applications/Xcode.app/Contents/Developer/Toolchains/XcodeDefault.xctoolchain/usr/bin/ld
lt_cv_path_NM=/usr/bin/nm
lt_cv_path_mainfest_tool=no
lt_cv_prog_compiler_c_o=yes
lt_cv_prog_compiler_c_o_CXX=yes
lt_cv_prog_compiler_pic='-fno-common -DPIC'
lt_cv_prog_compiler_pic_CXX='-fno-common -DPIC'
lt_cv_prog_compiler_pic_works=yes
lt_cv_prog_compiler_pic_works_CXX=yes
lt_cv_prog_compiler_rtti_exceptions=yes
lt_cv_prog_compiler_static_works=no
lt_cv_prog_compiler_static_works_CXX=no
lt_cv_prog_gnu_ld=no
lt_cv_prog_gnu_ldcxx=no
lt_cv_sharedlib_from_linklib_cmd='printf %s\n'
lt_cv_sys_global_symbol_pipe='sed -n -e '\''s/^.*[	 ]\([BCDEGRST][BCDEGRST]*\)[	 ][	 ]*_\([_A-Za-z][_A-Za-z0-9]*\)$/\1 _\2 \2/p'\'' | sed '\''/ __gnu_lto/d'\'''
lt_cv_sys_global_symbol_to_c_name_address='sed -n -e '\''s/^: \([^ ]*\)[ ]*$/  {\"\1\", (void *) 0},/p'\'' -e '\''s/^[BCDEGRST]* \([^ ]*\) \([^ ]*\)$/  {"\2", (void *) \&\2},/p'\'''
lt_cv_sys_global_symbol_to_c_name_address_lib_prefix='sed -n -e '\''s/^: \([^ ]*\)[ ]*$/  {\"\1\", (void *) 0},/p'\'' -e '\''s/^[BCDEGRST]* \([^ ]*\) \(lib[^ ]*\)$/  {"\2", (void *) \&\2},/p'\'' -e '\''s/^[BCDEGRST]* \([^ ]*\) \([^ ]*\)$/  {"lib\2", (void *) \&\2},/p'\'''
lt_cv_sys_global_symbol_to_cdecl='sed -n -e '\''s/^T .* \(.*\)$/extern int \1();/p'\'' -e '\''s/^[BCDEGRST]* .* \(.*\)$/extern char \1;/p'\'''
lt_cv_sys_max_cmd_len=196608
lt_cv_to_host_file_cmd=func_convert_file_noop
lt_cv_to_tool_file_cmd=func_convert_file_noop

## ----------------- ##
## Output variables. ##
## ----------------- ##

ACLOCAL='${SHELL} /Users/mada360/Desktop/glex/missing aclocal-1.14'
AMDEPBACKSLASH='\'
AMDEP_FALSE='#'
AMDEP_TRUE=''
AMTAR='$${TAR-tar}'
AM_BACKSLASH='\'
AM_DEFAULT_V='$(AM_DEFAULT_VERBOSITY)'
AM_DEFAULT_VERBOSITY='1'
AM_V='$(V)'
AR='ar'
AUTOCONF='${SHELL} /Users/mada360/Desktop/glex/missing autoconf'
AUTOHEADER='${SHELL} /Users/mada360/Desktop/glex/missing autoheader'
AUTOMAKE='${SHELL} /Users/mada360/Desktop/glex/missing automake-1.14'
AWK='awk'
BOOST_CPPFLAGS=''
BOOST_LDPATH=''
BOOST_PROGRAM_OPTIONS_LDFLAGS=''
BOOST_PROGRAM_OPTIONS_LDPATH=''
BOOST_PROGRAM_OPTIONS_LIBS='-lboost_program_options-mt'
BOOST_ROOT=''
CC='gcc'
CCDEPMODE='depmode=gcc3'
CFLAGS='-g -O2'
CPP='gcc -E'
CPPFLAGS=''
CXX='g++'
CXXCPP='g++ -E'
CXXDEPMODE='depmode=gcc3'
CXXFLAGS='-g -O2'
CYGPATH_W='echo'
DEFS=''
DEPDIR='.deps'
DISTCHECK_CONFIGURE_FLAGS=' '\''--with-boost='\'''
DLLTOOL='false'
DSYMUTIL='dsymutil'
DUMPBIN=''
ECHO_C='\c'
ECHO_N=''
ECHO_T=''
EGREP='/usr/bin/grep -E'
EXEEXT=''
FGREP='/usr/bin/grep -F'
GREP='/usr/bin/grep'
INSTALL_DATA='${INSTALL} -m 644'
INSTALL_PROGRAM='${INSTALL}'
INSTALL_SCRIPT='${INSTALL}'
INSTALL_STRIP_PROGRAM='$(install_sh) -c -s'
LD='/Applications/Xcode.app/Contents/Developer/Toolchains/XcodeDefault.xctoolchain/usr/bin/ld'
LDFLAGS=''
LIBOBJS=''
LIBS=''
LIBTOOL='$(SHELL) $(top_builddir)/libtool'
LIPO='lipo'
LN_S='ln -s'
LTLIBOBJS=''
MAKEINFO='${SHELL} /Users/mada360/Desktop/glex/missing makeinfo'
MANIFEST_TOOL=':'
MKDIR_P='./install-sh -c -d'
NM='/usr/bin/nm'
NMEDIT='nmedit'
OBJDUMP='false'
OBJEXT='o'
OTOOL64=':'
OTOOL='otool'
PACKAGE='shaderexamples'
PACKAGE_BUGREPORT=''
PACKAGE_NAME='ShaderExamples'
PACKAGE_STRING='ShaderExamples 0.1'
PACKAGE_TARNAME='shaderexamples'
PACKAGE_URL=''
PACKAGE_VERSION='0.1'
PATH_SEPARATOR=':'
PKG_CONFIG='/opt/local/bin/pkg-config'
PKG_CONFIG_LIBDIR=''
PKG_CONFIG_PATH=''
RANLIB='ranlib'
SED='/usr/bin/sed'
SET_MAKE=''
SHELL='/bin/sh'
STRIP='strip'
VERSION='0.1'
ac_ct_AR='ar'
ac_ct_CC='gcc'
ac_ct_CXX='g++'
ac_ct_DUMPBIN=''
am__EXEEXT_FALSE=''
am__EXEEXT_TRUE=''
am__fastdepCC_FALSE='#'
am__fastdepCC_TRUE=''
am__fastdepCXX_FALSE='#'
am__fastdepCXX_TRUE=''
am__include='include'
am__isrc=''
am__leading_dot='.'
am__nodep='_no'
am__quote=''
am__tar='$${TAR-tar} chof - "$$tardir"'
am__untar='$${TAR-tar} xf -'
bindir='${exec_prefix}/bin'
build='x86_64-apple-darwin14.1.0'
build_alias=''
build_cpu='x86_64'
build_os='darwin14.1.0'
build_vendor='apple'
datadir='${datarootdir}'
datarootdir='${prefix}/share'
docdir='${datarootdir}/doc/${PACKAGE_TARNAME}'
dvidir='${docdir}'
exec_prefix='NONE'
gl_CFLAGS=''
gl_LIBS=''
glew_CFLAGS=''
glew_LIBS=''
host='x86_64-apple-darwin14.1.0'
host_alias=''
host_cpu='x86_64'
host_os='darwin14.1.0'
host_vendor='apple'
htmldir='${docdir}'
includedir='${prefix}/include'
infodir='${datarootdir}/info'
install_sh='${SHELL} /Users/mada360/Desktop/glex/install-sh'
libdir='${exec_prefix}/lib'
libexecdir='${exec_prefix}/libexec'
localedir='${datarootdir}/locale'
localstatedir='${prefix}/var'
mandir='${datarootdir}/man'
mkdir_p='$(MKDIR_P)'
oldincludedir='/usr/include'
pdfdir='${docdir}'
prefix='NONE'
program_transform_name='s,x,x,'
psdir='${docdir}'
sbindir='${exec_prefix}/sbin'
sdl2_CFLAGS=''
sdl2_LIBS=''
sharedstatedir='${prefix}/com'
sysconfdir='${prefix}/etc'
target_alias=''

## ----------- ##
## confdefs.h. ##
## ----------- ##

/* confdefs.h */
#define PACKAGE_NAME "ShaderExamples"
#define PACKAGE_TARNAME "shaderexamples"
#define PACKAGE_VERSION "0.1"
#define PACKAGE_STRING "ShaderExamples 0.1"
#define PACKAGE_BUGREPORT ""
#define PACKAGE_URL ""
#define PACKAGE "shaderexamples"
#define VERSION "0.1"
#define STDC_HEADERS 1
#define HAVE_SYS_TYPES_H 1
#define HAVE_SYS_STAT_H 1
#define HAVE_STDLIB_H 1
#define HAVE_STRING_H 1
#define HAVE_MEMORY_H 1
#define HAVE_STRINGS_H 1
#define HAVE_INTTYPES_H 1
#define HAVE_STDINT_H 1
#define HAVE_UNISTD_H 1
#define HAVE_DLFCN_H 1
#define LT_OBJDIR ".libs/"
#define HAVE_BOOST 1
#define HAVE_BOOST_PROGRAM_OPTIONS_HPP 1

configure: exit 1
